Unity Editor version:    2021.3.11f1 (0a5ca18544bf)
Branch:                  2021.3/staging
Build type:              Release
Batch mode:              YES
macOS version:           Version 11.6 (Build 20G165)
Darwin version:          20.6.0
Architecture:            x86_64
Running under Rosetta:   NO
Available memory:        16384 MB
Using pre-set license
Pro License: YES

COMMAND LINE ARGUMENTS:
/Applications/Unity/Hub/Editor/2021.3.11f1/Unity.app/Contents/MacOS/Unity
-adb2
-batchMode
-noUpm
-name
AssetImportWorker1
-projectPath
/Users/nepnepjunior/Desktop/School/School Projects/IMT&S/LoudItIs/VRProject
-logFile
Logs/AssetImportWorker1.log
-srvPort
51088
Successfully changed project path to: /Users/nepnepjunior/Desktop/School/School Projects/IMT&S/LoudItIs/VRProject
/Users/nepnepjunior/Desktop/School/School Projects/IMT&S/LoudItIs/VRProject
[UnityMemory] Configuration Parameters - Can be set up in boot.config
    "memorysetup-bucket-allocator-granularity=16"
    "memorysetup-bucket-allocator-bucket-count=8"
    "memorysetup-bucket-allocator-block-size=33554432"
    "memorysetup-bucket-allocator-block-count=8"
    "memorysetup-main-allocator-block-size=16777216"
    "memorysetup-thread-allocator-block-size=16777216"
    "memorysetup-gfx-main-allocator-block-size=16777216"
    "memorysetup-gfx-thread-allocator-block-size=16777216"
    "memorysetup-cache-allocator-block-size=4194304"
    "memorysetup-typetree-allocator-block-size=2097152"
    "memorysetup-profiler-bucket-allocator-granularity=16"
    "memorysetup-profiler-bucket-allocator-bucket-count=8"
    "memorysetup-profiler-bucket-allocator-block-size=33554432"
    "memorysetup-profiler-bucket-allocator-block-count=8"
    "memorysetup-profiler-allocator-block-size=16777216"
    "memorysetup-profiler-editor-allocator-block-size=1048576"
    "memorysetup-temp-allocator-size-main=16777216"
    "memorysetup-job-temp-allocator-block-size=2097152"
    "memorysetup-job-temp-allocator-block-size-background=1048576"
    "memorysetup-job-temp-allocator-reduction-small-platforms=262144"
    "memorysetup-temp-allocator-size-background-worker=32768"
    "memorysetup-temp-allocator-size-job-worker=262144"
    "memorysetup-temp-allocator-size-preload-manager=33554432"
    "memorysetup-temp-allocator-size-nav-mesh-worker=65536"
    "memorysetup-temp-allocator-size-audio-worker=65536"
    "memorysetup-temp-allocator-size-cloud-worker=32768"
    "memorysetup-temp-allocator-size-gi-baking-worker=262144"
    "memorysetup-temp-allocator-size-gfx=262144"
Refreshing native plugins compatible for Editor in 109.63 ms, found 3 plugins.
Preloading 1 native plugins for Editor in 5.99 ms.
Initialize engine version: 2021.3.11f1 (0a5ca18544bf)
[Subsystems] Discovering subsystems at path /Applications/Unity/Hub/Editor/2021.3.11f1/Unity.app/Contents/Resources/UnitySubsystems
[Subsystems] Discovering subsystems at path /Users/nepnepjunior/Desktop/School/School Projects/IMT&S/LoudItIs/VRProject/Assets
GfxDevice: creating device client; threaded=0; jobified=0
Color LCD preferred device: AMD Radeon Pro 555X (high power)
Metal devices available: 2
0: AMD Radeon Pro 555X (high power)
1: Intel(R) UHD Graphics 630 (low power)
Using device AMD Radeon Pro 555X (high power)
Initializing Metal device caps: AMD Radeon Pro 555X
Initialize mono
Mono path[0] = '/Applications/Unity/Hub/Editor/2021.3.11f1/Unity.app/Contents/Managed'
Mono path[1] = '/Applications/Unity/Hub/Editor/2021.3.11f1/Unity.app/Contents/MonoBleedingEdge/lib/mono/unityjit-macos'
Mono config path = '/Applications/Unity/Hub/Editor/2021.3.11f1/Unity.app/Contents/MonoBleedingEdge/etc'
Using monoOptions --debugger-agent=transport=dt_socket,embedding=1,server=y,suspend=n,address=127.0.0.1:56065
Begin MonoManager ReloadAssembly
Registering precompiled unity dll's ...
Register platform support module: /Applications/Unity/Hub/Editor/2021.3.11f1/Unity.app/Contents/PlaybackEngines/MacStandaloneSupport/UnityEditor.OSXStandalone.Extensions.dll
Register platform support module: /Applications/Unity/Hub/Editor/2021.3.11f1/PlaybackEngines/iOSSupport/UnityEditor.iOS.Extensions.dll
Registered in 0.001897 seconds.
[usbmuxd] Start listen thread
[usbmuxd] Listen thread started
[usbmuxd] Send listen message
Native extension for iOS target not found
Native extension for OSXStandalone target not found
Refreshing native plugins compatible for Editor in 110.26 ms, found 3 plugins.
Preloading 1 native plugins for Editor in 0.52 ms.
Mono: successfully reloaded assembly
- Completed reload, in  0.840 seconds
Domain Reload Profiling:
	ReloadAssembly (841ms)
		BeginReloadAssembly (68ms)
			ExecutionOrderSort (0ms)
			DisableScriptedObjects (0ms)
			BackupInstance (0ms)
			ReleaseScriptingObjects (0ms)
			CreateAndSetChildDomain (1ms)
		EndReloadAssembly (635ms)
			LoadAssemblies (67ms)
			RebuildTransferFunctionScriptingTraits (0ms)
			SetupTypeCache (151ms)
			ReleaseScriptCaches (0ms)
			RebuildScriptCaches (37ms)
			SetupLoadedEditorAssemblies (387ms)
				LogAssemblyErrors (0ms)
				InitializePlatformSupportModulesInManaged (53ms)
				SetLoadedEditorAssemblies (0ms)
				RefreshPlugins (111ms)
				BeforeProcessingInitializeOnLoad (1ms)
				ProcessInitializeOnLoadAttributes (170ms)
				ProcessInitializeOnLoadMethodAttributes (52ms)
				AfterProcessingInitializeOnLoad (0ms)
				EditorAssembliesLoaded (0ms)
			ExecutionOrderSort2 (0ms)
			AwakeInstancesAfterBackupRestoration (0ms)
Platform modules already initialized, skipping
Registering precompiled user dll's ...
Registered in 0.005781 seconds.
Begin MonoManager ReloadAssembly
Symbol file LoadedFromMemory doesn't match image /Users/nepnepjunior/Desktop/School/School Projects/IMT&S/LoudItIs/VRProject/Library/PackageCache/com.unity.visualscripting@1.7.8/Editor/VisualScripting.Core/Dependencies/DotNetZip/Unity.VisualScripting.IonicZip.dll
Symbol file LoadedFromMemory doesn't match image /Users/nepnepjunior/Desktop/School/School Projects/IMT&S/LoudItIs/VRProject/Library/PackageCache/com.unity.visualscripting@1.7.8/Editor/VisualScripting.Core/Dependencies/YamlDotNet/Unity.VisualScripting.YamlDotNet.dll
Native extension for iOS target not found
Native extension for OSXStandalone target not found
Refreshing native plugins compatible for Editor in 107.07 ms, found 3 plugins.
Preloading 1 native plugins for Editor in 0.52 ms.
Package Manager log level set to [2]
Mono: successfully reloaded assembly
- Completed reload, in  1.584 seconds
Domain Reload Profiling:
	ReloadAssembly (1585ms)
		BeginReloadAssembly (135ms)
			ExecutionOrderSort (0ms)
			DisableScriptedObjects (7ms)
			BackupInstance (0ms)
			ReleaseScriptingObjects (0ms)
			CreateAndSetChildDomain (36ms)
		EndReloadAssembly (1303ms)
			LoadAssemblies (89ms)
			RebuildTransferFunctionScriptingTraits (0ms)
			SetupTypeCache (411ms)
			ReleaseScriptCaches (1ms)
			RebuildScriptCaches (80ms)
			SetupLoadedEditorAssemblies (657ms)
				LogAssemblyErrors (0ms)
				InitializePlatformSupportModulesInManaged (24ms)
				SetLoadedEditorAssemblies (0ms)
				RefreshPlugins (108ms)
				BeforeProcessingInitializeOnLoad (103ms)
				ProcessInitializeOnLoadAttributes (378ms)
				ProcessInitializeOnLoadMethodAttributes (41ms)
				AfterProcessingInitializeOnLoad (2ms)
				EditorAssembliesLoaded (0ms)
			ExecutionOrderSort2 (0ms)
			AwakeInstancesAfterBackupRestoration (5ms)
Platform modules already initialized, skipping
========================================================================
Worker process is ready to serve import requests
Launching external process: /Applications/Unity/Hub/Editor/2021.3.11f1/Unity.app/Contents/Tools/UnityShaderCompiler
Launched and connected shader compiler UnityShaderCompiler after 0.01 seconds
Refreshing native plugins compatible for Editor in 0.80 ms, found 3 plugins.
Preloading 1 native plugins for Editor in 0.53 ms.
Unloading 4084 Unused Serialized files (Serialized files now loaded: 0)
Unloading 49 unused Assets / (97.9 KB). Loaded Objects now: 4525.
Memory consumption went from 265.2 MB to 265.1 MB.
Total: 4.544921 ms (FindLiveObjects: 0.350856 ms CreateObjectMapping: 0.319778 ms MarkObjects: 3.730297 ms  DeleteObjects: 0.142919 ms)

AssetImportParameters requested are different than current active one (requested -> active):
  custom:video-decoder-ogg-theora: a1e56fd34408186e4bbccfd4996cb3dc -> 
  custom:container-muxer-webm: aa71ff27fc2769a1b78a27578f13a17b -> 
  custom:container-demuxer-webm: 4f35f7cbe854078d1ac9338744f61a02 -> 
  custom:video-encoder-webm-vp8: eb34c28f22e8b96e1ab97ce403110664 -> 
  custom:framework-osx-AVFoundation: e770b220cccbd017edd2c1fefb359320 -> 
  custom:audio-encoder-webm-vorbis: bf7c407c2cedff20999df2af8eb42d56 -> 
  custom:container-demuxer-ogg: 62fdf1f143b41e24485cea50d1cbac27 -> 
  custom:video-decoder-webm-vp8: 9c59270c3fd7afecdb556c50c9e8de78 -> 
  custom:audio-decoder-ogg-vorbis: bf7c407c2cedff20999df2af8eb42d56 -> 
========================================================================
Received Import Request.
  Time since last request: 9824.548530 seconds.
  path: Assets/ExampleAssets
  artifactKey: Guid(83b7bbecd9fac4db9824039903a1eea8) Importer(815301076,1909f56bfc062723c751e8b465ee728b)
Start importing Assets/ExampleAssets using Guid(83b7bbecd9fac4db9824039903a1eea8) Importer(815301076,1909f56bfc062723c751e8b465ee728b)  -> (artifact id: '5f57ea3c6930e4f9eff9d5d54d89a161') in 0.009787 seconds 
========================================================================
Received Import Request.
  Time since last request: 149.564131 seconds.
  path: Assets/Test_ASSets_Louis/Bookshelf/textures/Old_Dusty_Bookshelf_Mat_AO.jpg
  artifactKey: Guid(9bde8921db5f348f8b89ac4d46c1699d) Importer(815301076,1909f56bfc062723c751e8b465ee728b)
Start importing Assets/Test_ASSets_Louis/Bookshelf/textures/Old_Dusty_Bookshelf_Mat_AO.jpg using Guid(9bde8921db5f348f8b89ac4d46c1699d) Importer(815301076,1909f56bfc062723c751e8b465ee728b)  -> (artifact id: 'cbd2a774c02d511b4ebbc325580a7702') in 2.099640 seconds 
========================================================================
Received Import Request.
  Time since last request: 0.002826 seconds.
  path: Assets/Test_ASSets_Louis/Bookshelf/textures/Old_Dusty_Bookshelf_Mat_Normal(OpenGL).jpg
  artifactKey: Guid(81f77f5186e2f454e8f791107d473fc6) Importer(815301076,1909f56bfc062723c751e8b465ee728b)
Start importing Assets/Test_ASSets_Louis/Bookshelf/textures/Old_Dusty_Bookshelf_Mat_Normal(OpenGL).jpg using Guid(81f77f5186e2f454e8f791107d473fc6) Importer(815301076,1909f56bfc062723c751e8b465ee728b)  -> (artifact id: '8f955a275a0d9705774ef966f46eaee8') in 0.016855 seconds 
========================================================================
Received Import Request.
  Time since last request: 0.000094 seconds.
  path: Assets/Test_ASSets_Louis/Bookshelf/textures/Old_Dusty_Bookshelf_Spiderwebs_Mat_Normal(.jpg
  artifactKey: Guid(3ead6056672aa4e29b3f30242898af06) Importer(815301076,1909f56bfc062723c751e8b465ee728b)
Start importing Assets/Test_ASSets_Louis/Bookshelf/textures/Old_Dusty_Bookshelf_Spiderwebs_Mat_Normal(.jpg using Guid(3ead6056672aa4e29b3f30242898af06) Importer(815301076,1909f56bfc062723c751e8b465ee728b)  -> (artifact id: '448363e0e656b8206ca7c3352b2eaa8d') in 0.021602 seconds 
========================================================================
Received Import Request.
  Time since last request: 0.000079 seconds.
  path: Assets/Test_ASSets_Louis/Bookshelf/textures/Old_Dusty_Bookshelf_Spiderwebs_Mat_Metalli.jpg
  artifactKey: Guid(1591d45186d5a4244b9b72be333823ce) Importer(815301076,1909f56bfc062723c751e8b465ee728b)
Start importing Assets/Test_ASSets_Louis/Bookshelf/textures/Old_Dusty_Bookshelf_Spiderwebs_Mat_Metalli.jpg using Guid(1591d45186d5a4244b9b72be333823ce) Importer(815301076,1909f56bfc062723c751e8b465ee728b)  -> (artifact id: '9453c4fd3064784629e8244d0d2fc0fb') in 0.016552 seconds 
========================================================================
Received Import Request.
  Time since last request: 0.000079 seconds.
  path: Assets/Test_ASSets_Louis/Bookshelf/textures/Old_Dusty_Bookshelf_Mat_BaseColor.jpg
  artifactKey: Guid(5325bd52b82494ef1a0deee21cb4a7f3) Importer(815301076,1909f56bfc062723c751e8b465ee728b)
Start importing Assets/Test_ASSets_Louis/Bookshelf/textures/Old_Dusty_Bookshelf_Mat_BaseColor.jpg using Guid(5325bd52b82494ef1a0deee21cb4a7f3) Importer(815301076,1909f56bfc062723c751e8b465ee728b)  -> (artifact id: 'ec91c3308815fba00b01b7a6cd60e3e4') in 0.022809 seconds 
========================================================================
Received Import Request.
  Time since last request: 0.000096 seconds.
  path: Assets/Test_ASSets_Louis/Bookshelf/textures/Old_Dusty_Bookshelf_Spiderwebs_Mat_Roughne.jpg
  artifactKey: Guid(09b0b5f3a80d8459182ebf993cfd8e66) Importer(815301076,1909f56bfc062723c751e8b465ee728b)
Start importing Assets/Test_ASSets_Louis/Bookshelf/textures/Old_Dusty_Bookshelf_Spiderwebs_Mat_Roughne.jpg using Guid(09b0b5f3a80d8459182ebf993cfd8e66) Importer(815301076,1909f56bfc062723c751e8b465ee728b)  -> (artifact id: 'd16f84b65323604dac788a2fb5e10094') in 0.017996 seconds 
========================================================================
Received Import Request.
  Time since last request: 0.000085 seconds.
  path: Assets/Test_ASSets_Louis/Bookshelf/textures/Old_Dusty_Bookshelf_Mat_SpecularLvl.jpg
  artifactKey: Guid(30f5dd14fc72048699294adfd0d80629) Importer(815301076,1909f56bfc062723c751e8b465ee728b)
Start importing Assets/Test_ASSets_Louis/Bookshelf/textures/Old_Dusty_Bookshelf_Mat_SpecularLvl.jpg using Guid(30f5dd14fc72048699294adfd0d80629) Importer(815301076,1909f56bfc062723c751e8b465ee728b)  -> (artifact id: '212972a48ef452a7efa7174152bea41c') in 0.022960 seconds 
========================================================================
Received Import Request.
  Time since last request: 0.000093 seconds.
  path: Assets/Test_ASSets_Louis/Bookshelf/textures/Old_Dusty_Bookshelf_Mat_Roughness.jpg
  artifactKey: Guid(82a07226f97a54e65aa329e42f364ddf) Importer(815301076,1909f56bfc062723c751e8b465ee728b)
Start importing Assets/Test_ASSets_Louis/Bookshelf/textures/Old_Dusty_Bookshelf_Mat_Roughness.jpg using Guid(82a07226f97a54e65aa329e42f364ddf) Importer(815301076,1909f56bfc062723c751e8b465ee728b)  -> (artifact id: '19ff7f2ca831cd7ebd979a25869a0113') in 0.015520 seconds 
========================================================================
Received Import Request.
  Time since last request: 0.000168 seconds.
  path: Assets/Test_ASSets_Louis/Bookshelf/textures/Old_Dusty_Bookshelf_Spiderwebs_Mat_BaseCol.jpg
  artifactKey: Guid(0920168aef00a4eeba632b5c17222859) Importer(815301076,1909f56bfc062723c751e8b465ee728b)
Start importing Assets/Test_ASSets_Louis/Bookshelf/textures/Old_Dusty_Bookshelf_Spiderwebs_Mat_BaseCol.jpg using Guid(0920168aef00a4eeba632b5c17222859) Importer(815301076,1909f56bfc062723c751e8b465ee728b)  -> (artifact id: '3fb6c90b20ed673702343a5286b4bf00') in 0.021365 seconds 
========================================================================
Received Import Request.
  Time since last request: 0.000148 seconds.
  path: Assets/Test_ASSets_Louis/Bookshelf/textures/Old_Dusty_Bookshelf_Spiderwebs_Mat_Opacity.jpg
  artifactKey: Guid(1f330257209b54c30ad0c2ed9a846039) Importer(815301076,1909f56bfc062723c751e8b465ee728b)
Start importing Assets/Test_ASSets_Louis/Bookshelf/textures/Old_Dusty_Bookshelf_Spiderwebs_Mat_Opacity.jpg using Guid(1f330257209b54c30ad0c2ed9a846039) Importer(815301076,1909f56bfc062723c751e8b465ee728b)  -> (artifact id: 'ec66224bd00fb8c5f8a9416faa47af77') in 0.021312 seconds 
Editor requested this worker to shutdown with reason: Scaling down because of idle timeout
AssetImportWorker is now disconnected from the server
Process exiting
