Unity Editor version:    2021.3.11f1 (0a5ca18544bf)
Branch:                  2021.3/staging
Build type:              Release
Batch mode:              YES
macOS version:           Version 11.6 (Build 20G165)
Darwin version:          20.6.0
Architecture:            x86_64
Running under Rosetta:   NO
Available memory:        16384 MB
Using pre-set license
Pro License: YES

COMMAND LINE ARGUMENTS:
/Applications/Unity/Hub/Editor/2021.3.11f1/Unity.app/Contents/MacOS/Unity
-adb2
-batchMode
-noUpm
-name
AssetImportWorker14
-projectPath
/Users/nepnepjunior/Desktop/School/School Projects/IMT&S/LoudItIs/VRProject
-logFile
Logs/AssetImportWorker14.log
-srvPort
51088
Successfully changed project path to: /Users/nepnepjunior/Desktop/School/School Projects/IMT&S/LoudItIs/VRProject
/Users/nepnepjunior/Desktop/School/School Projects/IMT&S/LoudItIs/VRProject
[UnityMemory] Configuration Parameters - Can be set up in boot.config
    "memorysetup-bucket-allocator-granularity=16"
    "memorysetup-bucket-allocator-bucket-count=8"
    "memorysetup-bucket-allocator-block-size=33554432"
    "memorysetup-bucket-allocator-block-count=8"
    "memorysetup-main-allocator-block-size=16777216"
    "memorysetup-thread-allocator-block-size=16777216"
    "memorysetup-gfx-main-allocator-block-size=16777216"
    "memorysetup-gfx-thread-allocator-block-size=16777216"
    "memorysetup-cache-allocator-block-size=4194304"
    "memorysetup-typetree-allocator-block-size=2097152"
    "memorysetup-profiler-bucket-allocator-granularity=16"
    "memorysetup-profiler-bucket-allocator-bucket-count=8"
    "memorysetup-profiler-bucket-allocator-block-size=33554432"
    "memorysetup-profiler-bucket-allocator-block-count=8"
    "memorysetup-profiler-allocator-block-size=16777216"
    "memorysetup-profiler-editor-allocator-block-size=1048576"
    "memorysetup-temp-allocator-size-main=16777216"
    "memorysetup-job-temp-allocator-block-size=2097152"
    "memorysetup-job-temp-allocator-block-size-background=1048576"
    "memorysetup-job-temp-allocator-reduction-small-platforms=262144"
    "memorysetup-temp-allocator-size-background-worker=32768"
    "memorysetup-temp-allocator-size-job-worker=262144"
    "memorysetup-temp-allocator-size-preload-manager=33554432"
    "memorysetup-temp-allocator-size-nav-mesh-worker=65536"
    "memorysetup-temp-allocator-size-audio-worker=65536"
    "memorysetup-temp-allocator-size-cloud-worker=32768"
    "memorysetup-temp-allocator-size-gi-baking-worker=262144"
    "memorysetup-temp-allocator-size-gfx=262144"
Refreshing native plugins compatible for Editor in 169.56 ms, found 3 plugins.
Preloading 1 native plugins for Editor in 8.32 ms.
Initialize engine version: 2021.3.11f1 (0a5ca18544bf)
[Subsystems] Discovering subsystems at path /Applications/Unity/Hub/Editor/2021.3.11f1/Unity.app/Contents/Resources/UnitySubsystems
[Subsystems] Discovering subsystems at path /Users/nepnepjunior/Desktop/School/School Projects/IMT&S/LoudItIs/VRProject/Assets
GfxDevice: creating device client; threaded=0; jobified=0
Color LCD preferred device: AMD Radeon Pro 555X (high power)
Metal devices available: 2
0: AMD Radeon Pro 555X (high power)
1: Intel(R) UHD Graphics 630 (low power)
Using device AMD Radeon Pro 555X (high power)
Initializing Metal device caps: AMD Radeon Pro 555X
Initialize mono
Mono path[0] = '/Applications/Unity/Hub/Editor/2021.3.11f1/Unity.app/Contents/Managed'
Mono path[1] = '/Applications/Unity/Hub/Editor/2021.3.11f1/Unity.app/Contents/MonoBleedingEdge/lib/mono/unityjit-macos'
Mono config path = '/Applications/Unity/Hub/Editor/2021.3.11f1/Unity.app/Contents/MonoBleedingEdge/etc'
Using monoOptions --debugger-agent=transport=dt_socket,embedding=1,server=y,suspend=n,address=127.0.0.1:56831
Begin MonoManager ReloadAssembly
Registering precompiled unity dll's ...
Register platform support module: /Applications/Unity/Hub/Editor/2021.3.11f1/Unity.app/Contents/PlaybackEngines/MacStandaloneSupport/UnityEditor.OSXStandalone.Extensions.dll
Register platform support module: /Applications/Unity/Hub/Editor/2021.3.11f1/PlaybackEngines/iOSSupport/UnityEditor.iOS.Extensions.dll
Registered in 0.002790 seconds.
[usbmuxd] Start listen thread
[usbmuxd] Listen thread started
[usbmuxd] Send listen message
Native extension for iOS target not found
Native extension for OSXStandalone target not found
Refreshing native plugins compatible for Editor in 103.74 ms, found 3 plugins.
Preloading 1 native plugins for Editor in 0.56 ms.
Mono: successfully reloaded assembly
- Completed reload, in  0.975 seconds
Domain Reload Profiling:
	ReloadAssembly (975ms)
		BeginReloadAssembly (99ms)
			ExecutionOrderSort (0ms)
			DisableScriptedObjects (0ms)
			BackupInstance (0ms)
			ReleaseScriptingObjects (0ms)
			CreateAndSetChildDomain (1ms)
		EndReloadAssembly (685ms)
			LoadAssemblies (98ms)
			RebuildTransferFunctionScriptingTraits (0ms)
			SetupTypeCache (210ms)
			ReleaseScriptCaches (0ms)
			RebuildScriptCaches (37ms)
			SetupLoadedEditorAssemblies (373ms)
				LogAssemblyErrors (0ms)
				InitializePlatformSupportModulesInManaged (45ms)
				SetLoadedEditorAssemblies (0ms)
				RefreshPlugins (104ms)
				BeforeProcessingInitializeOnLoad (1ms)
				ProcessInitializeOnLoadAttributes (173ms)
				ProcessInitializeOnLoadMethodAttributes (50ms)
				AfterProcessingInitializeOnLoad (0ms)
				EditorAssembliesLoaded (0ms)
			ExecutionOrderSort2 (0ms)
			AwakeInstancesAfterBackupRestoration (0ms)
Platform modules already initialized, skipping
Registering precompiled user dll's ...
Registered in 0.005821 seconds.
Begin MonoManager ReloadAssembly
Symbol file LoadedFromMemory doesn't match image /Users/nepnepjunior/Desktop/School/School Projects/IMT&S/LoudItIs/VRProject/Library/PackageCache/com.unity.visualscripting@1.7.8/Editor/VisualScripting.Core/Dependencies/DotNetZip/Unity.VisualScripting.IonicZip.dll
Symbol file LoadedFromMemory doesn't match image /Users/nepnepjunior/Desktop/School/School Projects/IMT&S/LoudItIs/VRProject/Library/PackageCache/com.unity.visualscripting@1.7.8/Editor/VisualScripting.Core/Dependencies/YamlDotNet/Unity.VisualScripting.YamlDotNet.dll
Native extension for iOS target not found
Native extension for OSXStandalone target not found
Refreshing native plugins compatible for Editor in 106.43 ms, found 3 plugins.
Preloading 1 native plugins for Editor in 0.52 ms.
Package Manager log level set to [2]
Mono: successfully reloaded assembly
- Completed reload, in  1.533 seconds
Domain Reload Profiling:
	ReloadAssembly (1533ms)
		BeginReloadAssembly (125ms)
			ExecutionOrderSort (0ms)
			DisableScriptedObjects (7ms)
			BackupInstance (0ms)
			ReleaseScriptingObjects (0ms)
			CreateAndSetChildDomain (34ms)
		EndReloadAssembly (1259ms)
			LoadAssemblies (87ms)
			RebuildTransferFunctionScriptingTraits (0ms)
			SetupTypeCache (398ms)
			ReleaseScriptCaches (1ms)
			RebuildScriptCaches (80ms)
			SetupLoadedEditorAssemblies (627ms)
				LogAssemblyErrors (0ms)
				InitializePlatformSupportModulesInManaged (23ms)
				SetLoadedEditorAssemblies (0ms)
				RefreshPlugins (107ms)
				BeforeProcessingInitializeOnLoad (101ms)
				ProcessInitializeOnLoadAttributes (360ms)
				ProcessInitializeOnLoadMethodAttributes (34ms)
				AfterProcessingInitializeOnLoad (2ms)
				EditorAssembliesLoaded (0ms)
			ExecutionOrderSort2 (0ms)
			AwakeInstancesAfterBackupRestoration (4ms)
Platform modules already initialized, skipping
========================================================================
Worker process is ready to serve import requests
Launching external process: /Applications/Unity/Hub/Editor/2021.3.11f1/Unity.app/Contents/Tools/UnityShaderCompiler
Launched and connected shader compiler UnityShaderCompiler after 0.02 seconds
Refreshing native plugins compatible for Editor in 0.79 ms, found 3 plugins.
Preloading 1 native plugins for Editor in 0.49 ms.
Unloading 4084 Unused Serialized files (Serialized files now loaded: 0)
Unloading 49 unused Assets / (105.3 KB). Loaded Objects now: 4525.
Memory consumption went from 266.1 MB to 266.0 MB.
Total: 4.104502 ms (FindLiveObjects: 0.320643 ms CreateObjectMapping: 0.300549 ms MarkObjects: 3.351889 ms  DeleteObjects: 0.130626 ms)

AssetImportParameters requested are different than current active one (requested -> active):
  custom:video-decoder-ogg-theora: a1e56fd34408186e4bbccfd4996cb3dc -> 
  custom:container-muxer-webm: aa71ff27fc2769a1b78a27578f13a17b -> 
  custom:container-demuxer-webm: 4f35f7cbe854078d1ac9338744f61a02 -> 
  custom:video-encoder-webm-vp8: eb34c28f22e8b96e1ab97ce403110664 -> 
  custom:framework-osx-AVFoundation: e770b220cccbd017edd2c1fefb359320 -> 
  custom:audio-encoder-webm-vorbis: bf7c407c2cedff20999df2af8eb42d56 -> 
  custom:container-demuxer-ogg: 62fdf1f143b41e24485cea50d1cbac27 -> 
  custom:video-decoder-webm-vp8: 9c59270c3fd7afecdb556c50c9e8de78 -> 
  custom:audio-decoder-ogg-vorbis: bf7c407c2cedff20999df2af8eb42d56 -> 
========================================================================
Received Import Request.
  Time since last request: 15665.340394 seconds.
  path: Assets/Test_ASSets_Louis/Books/textures/Books1.mat
  artifactKey: Guid(a3d3df1a4d63e4832b227b0282ffcb9f) Importer(815301076,1909f56bfc062723c751e8b465ee728b)
Start importing Assets/Test_ASSets_Louis/Books/textures/Books1.mat using Guid(a3d3df1a4d63e4832b227b0282ffcb9f) Importer(815301076,1909f56bfc062723c751e8b465ee728b)  -> (artifact id: '0322bb08196a1a41e2a5a149f8ce3288') in 2.743431 seconds 
========================================================================
Received Import Request.
  Time since last request: 268.383458 seconds.
  path: Assets/Test_ASSets_Louis/Books/textures/Book6_Normal.png
  artifactKey: Guid(86fcf420dd5c74110bb580e54a67c1bc) Importer(815301076,1909f56bfc062723c751e8b465ee728b)
Start importing Assets/Test_ASSets_Louis/Books/textures/Book6_Normal.png using Guid(86fcf420dd5c74110bb580e54a67c1bc) Importer(815301076,1909f56bfc062723c751e8b465ee728b)  -> (artifact id: 'f817609fdaf17466552360b4ac3f8d05') in 0.899833 seconds 
========================================================================
Received Import Request.
  Time since last request: 370.290110 seconds.
  path: Assets/Test_ASSets_Louis/Books_b/textures/oldbooks_M.jpg
  artifactKey: Guid(f8e1b7edf7fb94575b415919aa45c76a) Importer(815301076,1909f56bfc062723c751e8b465ee728b)
Start importing Assets/Test_ASSets_Louis/Books_b/textures/oldbooks_M.jpg using Guid(f8e1b7edf7fb94575b415919aa45c76a) Importer(815301076,1909f56bfc062723c751e8b465ee728b)  -> (artifact id: '9f5047cb89bbcd5caa03618f02da070d') in 1.489314 seconds 
========================================================================
Received Import Request.
  Time since last request: 0.000097 seconds.
  path: Assets/Test_ASSets_Louis/Books_b/textures/oldbooks_NRM.jpg
  artifactKey: Guid(096fde7bef20f4b88b014fc209128d98) Importer(815301076,1909f56bfc062723c751e8b465ee728b)
Start importing Assets/Test_ASSets_Louis/Books_b/textures/oldbooks_NRM.jpg using Guid(096fde7bef20f4b88b014fc209128d98) Importer(815301076,1909f56bfc062723c751e8b465ee728b)  -> (artifact id: '8a2fadb5dc46e4881ce2866fe004388e') in 0.015249 seconds 
========================================================================
Received Import Request.
  Time since last request: 67.571334 seconds.
  path: Assets/Test_ASSets_Louis/Books/textures/Books3.mat
  artifactKey: Guid(0c272439ca9704ccfa57ad6606ccbf8c) Importer(815301076,1909f56bfc062723c751e8b465ee728b)
Start importing Assets/Test_ASSets_Louis/Books/textures/Books3.mat using Guid(0c272439ca9704ccfa57ad6606ccbf8c) Importer(815301076,1909f56bfc062723c751e8b465ee728b)  -> (artifact id: '48c9f102705b06fccd269028a29ea300') in 0.025836 seconds 
========================================================================
Received Import Request.
  Time since last request: 0.000094 seconds.
  path: Assets/Test_ASSets_Louis/Books/textures/Books4.mat
  artifactKey: Guid(3378fdd4771a74b90ba0ffd5790251f7) Importer(815301076,1909f56bfc062723c751e8b465ee728b)
Start importing Assets/Test_ASSets_Louis/Books/textures/Books4.mat using Guid(3378fdd4771a74b90ba0ffd5790251f7) Importer(815301076,1909f56bfc062723c751e8b465ee728b)  -> (artifact id: '27ee00b7b84469b5da56fd684081eacb') in 0.037767 seconds 
========================================================================
Received Import Request.
  Time since last request: 0.721022 seconds.
  path: Assets/Test_ASSets_Louis/Books/textures/Books7.mat
  artifactKey: Guid(13bcffd152d5d4bea8571e0e0fe6d663) Importer(815301076,1909f56bfc062723c751e8b465ee728b)
Start importing Assets/Test_ASSets_Louis/Books/textures/Books7.mat using Guid(13bcffd152d5d4bea8571e0e0fe6d663) Importer(815301076,1909f56bfc062723c751e8b465ee728b)  -> (artifact id: '7f02e7d43d162123a2c5f0e9e5a9c9d0') in 0.017564 seconds 
========================================================================
Received Import Request.
  Time since last request: 0.040904 seconds.
  path: Assets/Test_ASSets_Louis/Books/textures/Books9.mat
  artifactKey: Guid(e59ee14e3851442858193102610fd502) Importer(815301076,1909f56bfc062723c751e8b465ee728b)
Start importing Assets/Test_ASSets_Louis/Books/textures/Books9.mat using Guid(e59ee14e3851442858193102610fd502) Importer(815301076,1909f56bfc062723c751e8b465ee728b)  -> (artifact id: 'faf3724f36e419320ec42ae7fd70dedb') in 0.018877 seconds 
========================================================================
Received Import Request.
  Time since last request: 0.044601 seconds.
  path: Assets/Test_ASSets_Louis/Books/textures/Books11.mat
  artifactKey: Guid(81ee7d4bc953f4c75a35aa6df1bf6618) Importer(815301076,1909f56bfc062723c751e8b465ee728b)
Start importing Assets/Test_ASSets_Louis/Books/textures/Books11.mat using Guid(81ee7d4bc953f4c75a35aa6df1bf6618) Importer(815301076,1909f56bfc062723c751e8b465ee728b)  -> (artifact id: 'd2333767b101823f0e65c9704a7ef977') in 0.019727 seconds 
========================================================================
Received Import Request.
  Time since last request: 482.965075 seconds.
  path: Assets/Test_ASSets_Louis/Locker/textures/Tumba_Base_color.png
  artifactKey: Guid(88b5cbbffc8f94b7b8c799ab4e7ff83e) Importer(815301076,1909f56bfc062723c751e8b465ee728b)
Start importing Assets/Test_ASSets_Louis/Locker/textures/Tumba_Base_color.png using Guid(88b5cbbffc8f94b7b8c799ab4e7ff83e) Importer(815301076,1909f56bfc062723c751e8b465ee728b)  -> (artifact id: '0a48540521a30eccb3a0cd676741d842') in 0.047498 seconds 
========================================================================
Received Import Request.
  Time since last request: 0.000092 seconds.
  path: Assets/Test_ASSets_Louis/Locker/textures/Tumba_Roughness.png
  artifactKey: Guid(b4be02c53593c427184b0e6b5942c140) Importer(815301076,1909f56bfc062723c751e8b465ee728b)
Start importing Assets/Test_ASSets_Louis/Locker/textures/Tumba_Roughness.png using Guid(b4be02c53593c427184b0e6b5942c140) Importer(815301076,1909f56bfc062723c751e8b465ee728b)  -> (artifact id: 'fcf008f64858fa40771b183f30a21104') in 0.014563 seconds 
========================================================================
Received Import Request.
  Time since last request: 0.000077 seconds.
  path: Assets/Test_ASSets_Louis/Locker/textures/Tumba_Metallic.png
  artifactKey: Guid(5989d3e559a6e43618ed43c8565766de) Importer(815301076,1909f56bfc062723c751e8b465ee728b)
Start importing Assets/Test_ASSets_Louis/Locker/textures/Tumba_Metallic.png using Guid(5989d3e559a6e43618ed43c8565766de) Importer(815301076,1909f56bfc062723c751e8b465ee728b)  -> (artifact id: '3fbb20689fc4199cf2c578ab937263dc') in 0.011953 seconds 
========================================================================
Received Import Request.
  Time since last request: 0.000108 seconds.
  path: Assets/Test_ASSets_Louis/Locker/textures/Tumba_Mixed_AO.png
  artifactKey: Guid(0d0c8715396fe43b28e6e626d90147bd) Importer(815301076,1909f56bfc062723c751e8b465ee728b)
Start importing Assets/Test_ASSets_Louis/Locker/textures/Tumba_Mixed_AO.png using Guid(0d0c8715396fe43b28e6e626d90147bd) Importer(815301076,1909f56bfc062723c751e8b465ee728b)  -> (artifact id: '874bb1b2f744cf105e985de53f7041f4') in 0.013280 seconds 
========================================================================
Received Import Request.
  Time since last request: 0.000130 seconds.
  path: Assets/Test_ASSets_Louis/Locker/textures/Tumba_Normal_OpenGL.png
  artifactKey: Guid(88c70bdaa0af6414a98ea425b190c2b7) Importer(815301076,1909f56bfc062723c751e8b465ee728b)
Start importing Assets/Test_ASSets_Louis/Locker/textures/Tumba_Normal_OpenGL.png using Guid(88c70bdaa0af6414a98ea425b190c2b7) Importer(815301076,1909f56bfc062723c751e8b465ee728b)  -> (artifact id: '78f9a485587a7ab51334bcb06be2fffc') in 0.023914 seconds 
Editor requested this worker to shutdown with reason: Scaling down because of idle timeout
AssetImportWorker is now disconnected from the server
Process exiting
