Unity Editor version:    2021.3.11f1 (0a5ca18544bf)
Branch:                  2021.3/staging
Build type:              Release
Batch mode:              YES
macOS version:           Version 11.6 (Build 20G165)
Darwin version:          20.6.0
Architecture:            x86_64
Running under Rosetta:   NO
Available memory:        16384 MB
Using pre-set license
Pro License: YES

COMMAND LINE ARGUMENTS:
/Applications/Unity/Hub/Editor/2021.3.11f1/Unity.app/Contents/MacOS/Unity
-adb2
-batchMode
-noUpm
-name
AssetImportWorker12
-projectPath
/Users/nepnepjunior/Desktop/School/School Projects/IMT&S/LoudItIs/VRProject
-logFile
Logs/AssetImportWorker12.log
-srvPort
51088
Successfully changed project path to: /Users/nepnepjunior/Desktop/School/School Projects/IMT&S/LoudItIs/VRProject
/Users/nepnepjunior/Desktop/School/School Projects/IMT&S/LoudItIs/VRProject
[UnityMemory] Configuration Parameters - Can be set up in boot.config
    "memorysetup-bucket-allocator-granularity=16"
    "memorysetup-bucket-allocator-bucket-count=8"
    "memorysetup-bucket-allocator-block-size=33554432"
    "memorysetup-bucket-allocator-block-count=8"
    "memorysetup-main-allocator-block-size=16777216"
    "memorysetup-thread-allocator-block-size=16777216"
    "memorysetup-gfx-main-allocator-block-size=16777216"
    "memorysetup-gfx-thread-allocator-block-size=16777216"
    "memorysetup-cache-allocator-block-size=4194304"
    "memorysetup-typetree-allocator-block-size=2097152"
    "memorysetup-profiler-bucket-allocator-granularity=16"
    "memorysetup-profiler-bucket-allocator-bucket-count=8"
    "memorysetup-profiler-bucket-allocator-block-size=33554432"
    "memorysetup-profiler-bucket-allocator-block-count=8"
    "memorysetup-profiler-allocator-block-size=16777216"
    "memorysetup-profiler-editor-allocator-block-size=1048576"
    "memorysetup-temp-allocator-size-main=16777216"
    "memorysetup-job-temp-allocator-block-size=2097152"
    "memorysetup-job-temp-allocator-block-size-background=1048576"
    "memorysetup-job-temp-allocator-reduction-small-platforms=262144"
    "memorysetup-temp-allocator-size-background-worker=32768"
    "memorysetup-temp-allocator-size-job-worker=262144"
    "memorysetup-temp-allocator-size-preload-manager=33554432"
    "memorysetup-temp-allocator-size-nav-mesh-worker=65536"
    "memorysetup-temp-allocator-size-audio-worker=65536"
    "memorysetup-temp-allocator-size-cloud-worker=32768"
    "memorysetup-temp-allocator-size-gi-baking-worker=262144"
    "memorysetup-temp-allocator-size-gfx=262144"
Refreshing native plugins compatible for Editor in 127.40 ms, found 3 plugins.
Preloading 1 native plugins for Editor in 7.02 ms.
Initialize engine version: 2021.3.11f1 (0a5ca18544bf)
[Subsystems] Discovering subsystems at path /Applications/Unity/Hub/Editor/2021.3.11f1/Unity.app/Contents/Resources/UnitySubsystems
[Subsystems] Discovering subsystems at path /Users/nepnepjunior/Desktop/School/School Projects/IMT&S/LoudItIs/VRProject/Assets
GfxDevice: creating device client; threaded=0; jobified=0
Color LCD preferred device: AMD Radeon Pro 555X (high power)
Metal devices available: 2
0: AMD Radeon Pro 555X (high power)
1: Intel(R) UHD Graphics 630 (low power)
Using device AMD Radeon Pro 555X (high power)
Initializing Metal device caps: AMD Radeon Pro 555X
Initialize mono
Mono path[0] = '/Applications/Unity/Hub/Editor/2021.3.11f1/Unity.app/Contents/Managed'
Mono path[1] = '/Applications/Unity/Hub/Editor/2021.3.11f1/Unity.app/Contents/MonoBleedingEdge/lib/mono/unityjit-macos'
Mono config path = '/Applications/Unity/Hub/Editor/2021.3.11f1/Unity.app/Contents/MonoBleedingEdge/etc'
Using monoOptions --debugger-agent=transport=dt_socket,embedding=1,server=y,suspend=n,address=127.0.0.1:56665
Begin MonoManager ReloadAssembly
Registering precompiled unity dll's ...
Register platform support module: /Applications/Unity/Hub/Editor/2021.3.11f1/Unity.app/Contents/PlaybackEngines/MacStandaloneSupport/UnityEditor.OSXStandalone.Extensions.dll
Register platform support module: /Applications/Unity/Hub/Editor/2021.3.11f1/PlaybackEngines/iOSSupport/UnityEditor.iOS.Extensions.dll
Registered in 0.003133 seconds.
[usbmuxd] Start listen thread
[usbmuxd] Listen thread started
[usbmuxd] Send listen message
Native extension for iOS target not found
Native extension for OSXStandalone target not found
Refreshing native plugins compatible for Editor in 101.82 ms, found 3 plugins.
Preloading 1 native plugins for Editor in 0.48 ms.
Mono: successfully reloaded assembly
- Completed reload, in  1.042 seconds
Domain Reload Profiling:
	ReloadAssembly (1042ms)
		BeginReloadAssembly (88ms)
			ExecutionOrderSort (0ms)
			DisableScriptedObjects (0ms)
			BackupInstance (0ms)
			ReleaseScriptingObjects (0ms)
			CreateAndSetChildDomain (1ms)
		EndReloadAssembly (727ms)
			LoadAssemblies (88ms)
			RebuildTransferFunctionScriptingTraits (0ms)
			SetupTypeCache (242ms)
			ReleaseScriptCaches (0ms)
			RebuildScriptCaches (40ms)
			SetupLoadedEditorAssemblies (380ms)
				LogAssemblyErrors (0ms)
				InitializePlatformSupportModulesInManaged (49ms)
				SetLoadedEditorAssemblies (0ms)
				RefreshPlugins (102ms)
				BeforeProcessingInitializeOnLoad (2ms)
				ProcessInitializeOnLoadAttributes (173ms)
				ProcessInitializeOnLoadMethodAttributes (54ms)
				AfterProcessingInitializeOnLoad (0ms)
				EditorAssembliesLoaded (0ms)
			ExecutionOrderSort2 (0ms)
			AwakeInstancesAfterBackupRestoration (0ms)
Platform modules already initialized, skipping
Registering precompiled user dll's ...
Registered in 0.007694 seconds.
Begin MonoManager ReloadAssembly
Symbol file LoadedFromMemory doesn't match image /Users/nepnepjunior/Desktop/School/School Projects/IMT&S/LoudItIs/VRProject/Library/PackageCache/com.unity.visualscripting@1.7.8/Editor/VisualScripting.Core/Dependencies/DotNetZip/Unity.VisualScripting.IonicZip.dll
Symbol file LoadedFromMemory doesn't match image /Users/nepnepjunior/Desktop/School/School Projects/IMT&S/LoudItIs/VRProject/Library/PackageCache/com.unity.visualscripting@1.7.8/Editor/VisualScripting.Core/Dependencies/YamlDotNet/Unity.VisualScripting.YamlDotNet.dll
Native extension for iOS target not found
Native extension for OSXStandalone target not found
Refreshing native plugins compatible for Editor in 149.54 ms, found 3 plugins.
Preloading 1 native plugins for Editor in 0.57 ms.
Package Manager log level set to [2]
Mono: successfully reloaded assembly
- Completed reload, in  1.610 seconds
Domain Reload Profiling:
	ReloadAssembly (1611ms)
		BeginReloadAssembly (129ms)
			ExecutionOrderSort (0ms)
			DisableScriptedObjects (7ms)
			BackupInstance (0ms)
			ReleaseScriptingObjects (0ms)
			CreateAndSetChildDomain (31ms)
		EndReloadAssembly (1331ms)
			LoadAssemblies (91ms)
			RebuildTransferFunctionScriptingTraits (0ms)
			SetupTypeCache (386ms)
			ReleaseScriptCaches (1ms)
			RebuildScriptCaches (99ms)
			SetupLoadedEditorAssemblies (688ms)
				LogAssemblyErrors (0ms)
				InitializePlatformSupportModulesInManaged (25ms)
				SetLoadedEditorAssemblies (0ms)
				RefreshPlugins (150ms)
				BeforeProcessingInitializeOnLoad (118ms)
				ProcessInitializeOnLoadAttributes (361ms)
				ProcessInitializeOnLoadMethodAttributes (32ms)
				AfterProcessingInitializeOnLoad (2ms)
				EditorAssembliesLoaded (0ms)
			ExecutionOrderSort2 (0ms)
			AwakeInstancesAfterBackupRestoration (4ms)
Platform modules already initialized, skipping
========================================================================
Worker process is ready to serve import requests
Launching external process: /Applications/Unity/Hub/Editor/2021.3.11f1/Unity.app/Contents/Tools/UnityShaderCompiler
Launched and connected shader compiler UnityShaderCompiler after 0.02 seconds
Refreshing native plugins compatible for Editor in 0.79 ms, found 3 plugins.
Preloading 1 native plugins for Editor in 0.48 ms.
Unloading 4084 Unused Serialized files (Serialized files now loaded: 0)
Unloading 49 unused Assets / (105.3 KB). Loaded Objects now: 4525.
Memory consumption went from 266.2 MB to 266.1 MB.
Total: 4.141727 ms (FindLiveObjects: 0.368656 ms CreateObjectMapping: 0.359723 ms MarkObjects: 3.273305 ms  DeleteObjects: 0.138996 ms)

AssetImportParameters requested are different than current active one (requested -> active):
  custom:video-decoder-ogg-theora: a1e56fd34408186e4bbccfd4996cb3dc -> 
  custom:container-muxer-webm: aa71ff27fc2769a1b78a27578f13a17b -> 
  custom:container-demuxer-webm: 4f35f7cbe854078d1ac9338744f61a02 -> 
  custom:video-encoder-webm-vp8: eb34c28f22e8b96e1ab97ce403110664 -> 
  custom:framework-osx-AVFoundation: e770b220cccbd017edd2c1fefb359320 -> 
  custom:audio-encoder-webm-vorbis: bf7c407c2cedff20999df2af8eb42d56 -> 
  custom:container-demuxer-ogg: 62fdf1f143b41e24485cea50d1cbac27 -> 
  custom:video-decoder-webm-vp8: 9c59270c3fd7afecdb556c50c9e8de78 -> 
  custom:audio-decoder-ogg-vorbis: bf7c407c2cedff20999df2af8eb42d56 -> 
========================================================================
Received Import Request.
  Time since last request: 14613.747987 seconds.
  path: Assets/Test_ASSets_Louis/Candles/textures/Candles_with_UVs_lambert4SG_Roughness.png
  artifactKey: Guid(1d423d1fbd2694cfa9c4da46a1b043b4) Importer(815301076,1909f56bfc062723c751e8b465ee728b)
Start importing Assets/Test_ASSets_Louis/Candles/textures/Candles_with_UVs_lambert4SG_Roughness.png using Guid(1d423d1fbd2694cfa9c4da46a1b043b4) Importer(815301076,1909f56bfc062723c751e8b465ee728b)  -> (artifact id: 'a8a5d7e91ded292996f3543a91324e7c') in 1.623082 seconds 
========================================================================
Received Import Request.
  Time since last request: 0.002805 seconds.
  path: Assets/Test_ASSets_Louis/Candles/textures/Flame_Colour.png
  artifactKey: Guid(e9e5e2c3c624b4fbdb60817a4bca1782) Importer(815301076,1909f56bfc062723c751e8b465ee728b)
Start importing Assets/Test_ASSets_Louis/Candles/textures/Flame_Colour.png using Guid(e9e5e2c3c624b4fbdb60817a4bca1782) Importer(815301076,1909f56bfc062723c751e8b465ee728b)  -> (artifact id: 'cc79cbbfa3fe04858048cf7beb4b9eae') in 0.017616 seconds 
========================================================================
Received Import Request.
  Time since last request: 372.515645 seconds.
  path: Assets/Test_ASSets_Louis/Chair_2/textures/Chair_2.mat
  artifactKey: Guid(9b276159384684baea5b11c6476ec940) Importer(815301076,1909f56bfc062723c751e8b465ee728b)
Start importing Assets/Test_ASSets_Louis/Chair_2/textures/Chair_2.mat using Guid(9b276159384684baea5b11c6476ec940) Importer(815301076,1909f56bfc062723c751e8b465ee728b)  -> (artifact id: 'a6d600133b3c086df80c554ab6556e95') in 2.938594 seconds 
========================================================================
Received Import Request.
  Time since last request: 0.732291 seconds.
  path: Assets/Test_ASSets_Louis/Candles/Assorted Candles.obj
  artifactKey: Guid(c5e3f43a4e8fc4d1d8fe874b3f1aef4e) Importer(815301076,1909f56bfc062723c751e8b465ee728b)
Start importing Assets/Test_ASSets_Louis/Candles/Assorted Candles.obj using Guid(c5e3f43a4e8fc4d1d8fe874b3f1aef4e) Importer(815301076,1909f56bfc062723c751e8b465ee728b)  -> (artifact id: '8d6365f201f6b5eae7e16797038d8d5b') in 2.495238 seconds 
========================================================================
Received Import Request.
  Time since last request: 50.272864 seconds.
  path: Assets/Test_ASSets_Louis/Candles/Assorted Candles.obj
  artifactKey: Guid(c5e3f43a4e8fc4d1d8fe874b3f1aef4e) Importer(815301076,1909f56bfc062723c751e8b465ee728b)
Start importing Assets/Test_ASSets_Louis/Candles/Assorted Candles.obj using Guid(c5e3f43a4e8fc4d1d8fe874b3f1aef4e) Importer(815301076,1909f56bfc062723c751e8b465ee728b)  -> (artifact id: '64fe74d36011408aefb9ee97c2d7c167') in 0.380031 seconds 
========================================================================
Received Import Request.
  Time since last request: 41.642770 seconds.
  path: Assets/Test_ASSets_Louis/Candles/Assorted Candles.obj
  artifactKey: Guid(c5e3f43a4e8fc4d1d8fe874b3f1aef4e) Importer(815301076,1909f56bfc062723c751e8b465ee728b)
Start importing Assets/Test_ASSets_Louis/Candles/Assorted Candles.obj using Guid(c5e3f43a4e8fc4d1d8fe874b3f1aef4e) Importer(815301076,1909f56bfc062723c751e8b465ee728b)  -> (artifact id: 'a19721d119676e7ff0a1378f3238bec0') in 0.308866 seconds 
========================================================================
Received Import Request.
  Time since last request: 25.901426 seconds.
  path: Assets/Test_ASSets_Louis/Candles/textures/Candles_Flame.mat
  artifactKey: Guid(cad2e2cad5465469d925b9593098de73) Importer(815301076,1909f56bfc062723c751e8b465ee728b)
Start importing Assets/Test_ASSets_Louis/Candles/textures/Candles_Flame.mat using Guid(cad2e2cad5465469d925b9593098de73) Importer(815301076,1909f56bfc062723c751e8b465ee728b)  -> (artifact id: 'eaf7271c2c0ef5a735ac726f13544324') in 0.041824 seconds 
========================================================================
Received Import Request.
  Time since last request: 35.128751 seconds.
  path: Assets/Test_ASSets_Louis/Candles/Assorted Candles.obj
  artifactKey: Guid(c5e3f43a4e8fc4d1d8fe874b3f1aef4e) Importer(815301076,1909f56bfc062723c751e8b465ee728b)
Start importing Assets/Test_ASSets_Louis/Candles/Assorted Candles.obj using Guid(c5e3f43a4e8fc4d1d8fe874b3f1aef4e) Importer(815301076,1909f56bfc062723c751e8b465ee728b)  -> (artifact id: '351f664d8b3c5fa57008dd8bde7caeca') in 0.339667 seconds 
========================================================================
Received Import Request.
  Time since last request: 14.084143 seconds.
  path: Assets/Test_ASSets_Louis/Candles/textures/Flame_Alpha.jpg
  artifactKey: Guid(f59a358329c134c1fa625d986db6ca94) Importer(815301076,1909f56bfc062723c751e8b465ee728b)
Start importing Assets/Test_ASSets_Louis/Candles/textures/Flame_Alpha.jpg using Guid(f59a358329c134c1fa625d986db6ca94) Importer(815301076,1909f56bfc062723c751e8b465ee728b)  -> (artifact id: 'be7d89bb5e59206af6771d89e0eb0071') in 0.966211 seconds 
========================================================================
Received Import Request.
  Time since last request: 23.501102 seconds.
  path: Assets/Test_ASSets_Louis/Chandelier/textures/candle03_mt_normal.png
  artifactKey: Guid(4718e1363af4247808813d3622f514a6) Importer(815301076,1909f56bfc062723c751e8b465ee728b)
Start importing Assets/Test_ASSets_Louis/Chandelier/textures/candle03_mt_normal.png using Guid(4718e1363af4247808813d3622f514a6) Importer(815301076,1909f56bfc062723c751e8b465ee728b)  -> (artifact id: 'ed7328e283398206612c6a5cd2cf9c64') in 0.021821 seconds 
========================================================================
Received Import Request.
  Time since last request: 0.028602 seconds.
  path: Assets/Test_ASSets_Louis/Cabinet/textures/4kT_Cabinet1_N.png
  artifactKey: Guid(cdad682c17e764f1d9fe2d18bcbd4d26) Importer(815301076,1909f56bfc062723c751e8b465ee728b)
Start importing Assets/Test_ASSets_Louis/Cabinet/textures/4kT_Cabinet1_N.png using Guid(cdad682c17e764f1d9fe2d18bcbd4d26) Importer(815301076,1909f56bfc062723c751e8b465ee728b)  -> (artifact id: '164681dcf10a7f58aaff7676183125c7') in 0.016506 seconds 
========================================================================
Received Import Request.
  Time since last request: 110.777488 seconds.
  path: Assets/Test_ASSets_Louis/Candles/textures/New Render Texture.renderTexture
  artifactKey: Guid(8eec1b965c49c45ebbde3d9516335834) Importer(815301076,1909f56bfc062723c751e8b465ee728b)
Start importing Assets/Test_ASSets_Louis/Candles/textures/New Render Texture.renderTexture using Guid(8eec1b965c49c45ebbde3d9516335834) Importer(815301076,1909f56bfc062723c751e8b465ee728b)  -> (artifact id: 'fdce318d48cdd1f56a607883d05da97c') in 0.967300 seconds 
========================================================================
Received Import Request.
  Time since last request: 67.614350 seconds.
  path: Assets/Test_ASSets_Louis/Candles/Assorted Candles.obj
  artifactKey: Guid(c5e3f43a4e8fc4d1d8fe874b3f1aef4e) Importer(815301076,1909f56bfc062723c751e8b465ee728b)
Start importing Assets/Test_ASSets_Louis/Candles/Assorted Candles.obj using Guid(c5e3f43a4e8fc4d1d8fe874b3f1aef4e) Importer(815301076,1909f56bfc062723c751e8b465ee728b)  -> (artifact id: 'd99b5dd60e6bfe763be68cd32e57b3d2') in 0.300344 seconds 
========================================================================
Received Import Request.
  Time since last request: 5.821814 seconds.
  path: Assets/Test_ASSets_Louis/Candles/Assorted Candles.obj
  artifactKey: Guid(c5e3f43a4e8fc4d1d8fe874b3f1aef4e) Importer(815301076,1909f56bfc062723c751e8b465ee728b)
Start importing Assets/Test_ASSets_Louis/Candles/Assorted Candles.obj using Guid(c5e3f43a4e8fc4d1d8fe874b3f1aef4e) Importer(815301076,1909f56bfc062723c751e8b465ee728b)  -> (artifact id: 'b923d4dd9c3b11d9cf9eb996b9a267d7') in 0.320547 seconds 
========================================================================
Received Import Request.
  Time since last request: 10.107499 seconds.
  path: Assets/Test_ASSets_Louis/Candles/Assorted Candles.obj
  artifactKey: Guid(c5e3f43a4e8fc4d1d8fe874b3f1aef4e) Importer(815301076,1909f56bfc062723c751e8b465ee728b)
Start importing Assets/Test_ASSets_Louis/Candles/Assorted Candles.obj using Guid(c5e3f43a4e8fc4d1d8fe874b3f1aef4e) Importer(815301076,1909f56bfc062723c751e8b465ee728b)  -> (artifact id: '1a97ce7d4d52831ccbe83f3974d425f5') in 0.314238 seconds 
========================================================================
Received Import Request.
  Time since last request: 9.000828 seconds.
  path: Assets/Test_ASSets_Louis/Candles/Assorted Candles.obj
  artifactKey: Guid(c5e3f43a4e8fc4d1d8fe874b3f1aef4e) Importer(815301076,1909f56bfc062723c751e8b465ee728b)
Start importing Assets/Test_ASSets_Louis/Candles/Assorted Candles.obj using Guid(c5e3f43a4e8fc4d1d8fe874b3f1aef4e) Importer(815301076,1909f56bfc062723c751e8b465ee728b)  -> (artifact id: 'fe19102cfbb52e28429f9b50e537b118') in 0.311239 seconds 
========================================================================
Received Import Request.
  Time since last request: 6.115872 seconds.
  path: Assets/Test_ASSets_Louis/Candles/Assorted Candles.obj
  artifactKey: Guid(c5e3f43a4e8fc4d1d8fe874b3f1aef4e) Importer(815301076,1909f56bfc062723c751e8b465ee728b)
Start importing Assets/Test_ASSets_Louis/Candles/Assorted Candles.obj using Guid(c5e3f43a4e8fc4d1d8fe874b3f1aef4e) Importer(815301076,1909f56bfc062723c751e8b465ee728b)  -> (artifact id: 'd97d6f8fd3ba2baad3165694f219ac49') in 0.337568 seconds 
========================================================================
Received Import Request.
  Time since last request: 6.865308 seconds.
  path: Assets/Test_ASSets_Louis/Candles/Assorted Candles.obj
  artifactKey: Guid(c5e3f43a4e8fc4d1d8fe874b3f1aef4e) Importer(815301076,1909f56bfc062723c751e8b465ee728b)
Start importing Assets/Test_ASSets_Louis/Candles/Assorted Candles.obj using Guid(c5e3f43a4e8fc4d1d8fe874b3f1aef4e) Importer(815301076,1909f56bfc062723c751e8b465ee728b)  -> (artifact id: 'dcc01682b00ce876b479e0a416f17ded') in 0.336338 seconds 
========================================================================
Received Import Request.
  Time since last request: 3.540646 seconds.
  path: Assets/Test_ASSets_Louis/Candles/Assorted Candles.obj
  artifactKey: Guid(c5e3f43a4e8fc4d1d8fe874b3f1aef4e) Importer(815301076,1909f56bfc062723c751e8b465ee728b)
Start importing Assets/Test_ASSets_Louis/Candles/Assorted Candles.obj using Guid(c5e3f43a4e8fc4d1d8fe874b3f1aef4e) Importer(815301076,1909f56bfc062723c751e8b465ee728b)  -> (artifact id: '79f791070077b55ed7abdf1986113cc9') in 0.334801 seconds 
========================================================================
Received Import Request.
  Time since last request: 23.463188 seconds.
  path: Assets/Test_ASSets_Louis/Candles/Assorted Candles.obj
  artifactKey: Guid(c5e3f43a4e8fc4d1d8fe874b3f1aef4e) Importer(815301076,1909f56bfc062723c751e8b465ee728b)
Start importing Assets/Test_ASSets_Louis/Candles/Assorted Candles.obj using Guid(c5e3f43a4e8fc4d1d8fe874b3f1aef4e) Importer(815301076,1909f56bfc062723c751e8b465ee728b)  -> (artifact id: 'db702c0a950247a9db50227c53cc7e85') in 1.037684 seconds 
========================================================================
Received Import Request.
  Time since last request: 78.166202 seconds.
  path: Assets/Test_ASSets_Louis/Books
  artifactKey: Guid(8b717a21f3e7743208e474904c7d744d) Importer(815301076,1909f56bfc062723c751e8b465ee728b)
Start importing Assets/Test_ASSets_Louis/Books using Guid(8b717a21f3e7743208e474904c7d744d) Importer(815301076,1909f56bfc062723c751e8b465ee728b)  -> (artifact id: '2b55bb87c713be23c6e2428992b31485') in 0.001220 seconds 
========================================================================
Received Import Request.
  Time since last request: 10.317605 seconds.
  path: Assets/Test_ASSets_Louis/Books/Books.fbx
  artifactKey: Guid(047ecac348580424e8d7775caecfbba0) Importer(815301076,1909f56bfc062723c751e8b465ee728b)
Start importing Assets/Test_ASSets_Louis/Books/Books.fbx using Guid(047ecac348580424e8d7775caecfbba0) Importer(815301076,1909f56bfc062723c751e8b465ee728b)  -> (artifact id: '7ffc0c518f4d7f80bc3877c2bd6dec38') in 3.201285 seconds 
========================================================================
Received Import Request.
  Time since last request: 10.179911 seconds.
  path: Assets/Test_ASSets_Louis/Books/textures
  artifactKey: Guid(589c6ad2e49bb48d8806c846eac09c03) Importer(815301076,1909f56bfc062723c751e8b465ee728b)
Start importing Assets/Test_ASSets_Louis/Books/textures using Guid(589c6ad2e49bb48d8806c846eac09c03) Importer(815301076,1909f56bfc062723c751e8b465ee728b)  -> (artifact id: 'f592cfee1e7f7fb237639b2e38c864e8') in 0.001094 seconds 
========================================================================
Received Import Request.
  Time since last request: 10.423865 seconds.
  path: Assets/Test_ASSets_Louis/Books/textures/Book1_AO.png
  artifactKey: Guid(9748b204ac6e2422a8af4bfc4cb3f2fb) Importer(815301076,1909f56bfc062723c751e8b465ee728b)
Start importing Assets/Test_ASSets_Louis/Books/textures/Book1_AO.png using Guid(9748b204ac6e2422a8af4bfc4cb3f2fb) Importer(815301076,1909f56bfc062723c751e8b465ee728b)  -> (artifact id: 'be58bf7ef6d7f9a18be2ebccc3512c34') in 0.046661 seconds 
========================================================================
Received Import Request.
  Time since last request: 0.000092 seconds.
  path: Assets/Test_ASSets_Louis/Books/textures/Book12_AO.png
  artifactKey: Guid(275862b5864244998b70be723ba18dce) Importer(815301076,1909f56bfc062723c751e8b465ee728b)
Start importing Assets/Test_ASSets_Louis/Books/textures/Book12_AO.png using Guid(275862b5864244998b70be723ba18dce) Importer(815301076,1909f56bfc062723c751e8b465ee728b)  -> (artifact id: '3882ed28d597778cf088a899b303848a') in 0.013040 seconds 
========================================================================
Received Import Request.
  Time since last request: 0.000093 seconds.
  path: Assets/Test_ASSets_Louis/Books/textures/Book3_Roughness.png
  artifactKey: Guid(fb757660eb41843f7bf1204b8e6161dc) Importer(815301076,1909f56bfc062723c751e8b465ee728b)
Start importing Assets/Test_ASSets_Louis/Books/textures/Book3_Roughness.png using Guid(fb757660eb41843f7bf1204b8e6161dc) Importer(815301076,1909f56bfc062723c751e8b465ee728b)  -> (artifact id: '66c6f19b055656792d510d8e0cad01ee') in 0.010593 seconds 
========================================================================
Received Import Request.
  Time since last request: 0.000093 seconds.
  path: Assets/Test_ASSets_Louis/Books/textures/Book4_Roughness.png
  artifactKey: Guid(197688f7f2b83437eb4a2c081a0dfeae) Importer(815301076,1909f56bfc062723c751e8b465ee728b)
Start importing Assets/Test_ASSets_Louis/Books/textures/Book4_Roughness.png using Guid(197688f7f2b83437eb4a2c081a0dfeae) Importer(815301076,1909f56bfc062723c751e8b465ee728b)  -> (artifact id: 'b0067cc0003caad5e9987088e99bc75d') in 0.011053 seconds 
========================================================================
Received Import Request.
  Time since last request: 0.000086 seconds.
  path: Assets/Test_ASSets_Louis/Books/textures/Book6_Normal.png
  artifactKey: Guid(86fcf420dd5c74110bb580e54a67c1bc) Importer(815301076,1909f56bfc062723c751e8b465ee728b)
Start importing Assets/Test_ASSets_Louis/Books/textures/Book6_Normal.png using Guid(86fcf420dd5c74110bb580e54a67c1bc) Importer(815301076,1909f56bfc062723c751e8b465ee728b)  -> (artifact id: 'd30a6e9f870a03eaffbee2e3adc7f7c6') in 0.014143 seconds 
========================================================================
Received Import Request.
  Time since last request: 0.000089 seconds.
  path: Assets/Test_ASSets_Louis/Books/textures/Book2_BaseColor.png
  artifactKey: Guid(a75c623628d6f423a930d48f96288f96) Importer(815301076,1909f56bfc062723c751e8b465ee728b)
Start importing Assets/Test_ASSets_Louis/Books/textures/Book2_BaseColor.png using Guid(a75c623628d6f423a930d48f96288f96) Importer(815301076,1909f56bfc062723c751e8b465ee728b)  -> (artifact id: '631a1cd427c6c44fb8afa3f216ef57fb') in 0.048300 seconds 
========================================================================
Received Import Request.
  Time since last request: 0.000107 seconds.
  path: Assets/Test_ASSets_Louis/Books/textures/Book12_Normal.png
  artifactKey: Guid(5a5c30c43bb254528981cc2bf143f680) Importer(815301076,1909f56bfc062723c751e8b465ee728b)
Start importing Assets/Test_ASSets_Louis/Books/textures/Book12_Normal.png using Guid(5a5c30c43bb254528981cc2bf143f680) Importer(815301076,1909f56bfc062723c751e8b465ee728b)  -> (artifact id: 'e51e5b06f6c300542f947693dde454c7') in 0.017755 seconds 
========================================================================
Received Import Request.
  Time since last request: 0.000090 seconds.
  path: Assets/Test_ASSets_Louis/Books/textures/Book1_Normal.png
  artifactKey: Guid(b0b0ec05c2e2e4af9a24d021269329da) Importer(815301076,1909f56bfc062723c751e8b465ee728b)
Start importing Assets/Test_ASSets_Louis/Books/textures/Book1_Normal.png using Guid(b0b0ec05c2e2e4af9a24d021269329da) Importer(815301076,1909f56bfc062723c751e8b465ee728b)  -> (artifact id: 'ac969609684b40dc07125d86c92f1c90') in 0.031959 seconds 
========================================================================
Received Import Request.
  Time since last request: 0.000098 seconds.
  path: Assets/Test_ASSets_Louis/Books/textures/Book4_Normal.png
  artifactKey: Guid(5743132e2c5854169be2c0430ae74769) Importer(815301076,1909f56bfc062723c751e8b465ee728b)
Start importing Assets/Test_ASSets_Louis/Books/textures/Book4_Normal.png using Guid(5743132e2c5854169be2c0430ae74769) Importer(815301076,1909f56bfc062723c751e8b465ee728b)  -> (artifact id: 'ccb5ca9766a6772ffca7450146961dde') in 0.012122 seconds 
========================================================================
Received Import Request.
  Time since last request: 0.003005 seconds.
  path: Assets/Test_ASSets_Louis/Books/textures/Book4_BaseColor.png
  artifactKey: Guid(be93d172884494ec88db93d0157d729f) Importer(815301076,1909f56bfc062723c751e8b465ee728b)
Start importing Assets/Test_ASSets_Louis/Books/textures/Book4_BaseColor.png using Guid(be93d172884494ec88db93d0157d729f) Importer(815301076,1909f56bfc062723c751e8b465ee728b)  -> (artifact id: '075207eb5e5728178f59a32e251fdf3c') in 0.011021 seconds 
========================================================================
Received Import Request.
  Time since last request: 0.001363 seconds.
  path: Assets/Test_ASSets_Louis/Books/textures/Book10_BaseColor.png
  artifactKey: Guid(1afa6309b48154f7e8c344a2f109e324) Importer(815301076,1909f56bfc062723c751e8b465ee728b)
Start importing Assets/Test_ASSets_Louis/Books/textures/Book10_BaseColor.png using Guid(1afa6309b48154f7e8c344a2f109e324) Importer(815301076,1909f56bfc062723c751e8b465ee728b)  -> (artifact id: 'd3be94c0524ad29a792539b117e25595') in 0.014482 seconds 
========================================================================
Received Import Request.
  Time since last request: 0.000100 seconds.
  path: Assets/Test_ASSets_Louis/Books/textures/Book7_Normal.png
  artifactKey: Guid(102f2396aa5e949ceb715f0c6c3f4ace) Importer(815301076,1909f56bfc062723c751e8b465ee728b)
Start importing Assets/Test_ASSets_Louis/Books/textures/Book7_Normal.png using Guid(102f2396aa5e949ceb715f0c6c3f4ace) Importer(815301076,1909f56bfc062723c751e8b465ee728b)  -> (artifact id: '1a8bb1dc59270ed63bef5517df247c8e') in 0.035119 seconds 
========================================================================
Received Import Request.
  Time since last request: 0.000095 seconds.
  path: Assets/Test_ASSets_Louis/Books/textures/Book12_Roughness.png
  artifactKey: Guid(89847b8c78ffe43c1a3d6032505ab8a9) Importer(815301076,1909f56bfc062723c751e8b465ee728b)
Start importing Assets/Test_ASSets_Louis/Books/textures/Book12_Roughness.png using Guid(89847b8c78ffe43c1a3d6032505ab8a9) Importer(815301076,1909f56bfc062723c751e8b465ee728b)  -> (artifact id: '0dbea1f1ff94bc6ec940c308f63b2d03') in 0.014613 seconds 
========================================================================
Received Import Request.
  Time since last request: 0.000086 seconds.
  path: Assets/Test_ASSets_Louis/Books/textures/Book2_AO.png
  artifactKey: Guid(ddc052091bb174bb2a01602140140ff0) Importer(815301076,1909f56bfc062723c751e8b465ee728b)
Start importing Assets/Test_ASSets_Louis/Books/textures/Book2_AO.png using Guid(ddc052091bb174bb2a01602140140ff0) Importer(815301076,1909f56bfc062723c751e8b465ee728b)  -> (artifact id: '33bb7c0402a2eea9fa8a060c8ac9c7cf') in 0.009813 seconds 
========================================================================
Received Import Request.
  Time since last request: 0.000079 seconds.
  path: Assets/Test_ASSets_Louis/Books/textures/Book11_BaseColor.png
  artifactKey: Guid(1a258741767e944ffa6e56ef78eed71a) Importer(815301076,1909f56bfc062723c751e8b465ee728b)
Start importing Assets/Test_ASSets_Louis/Books/textures/Book11_BaseColor.png using Guid(1a258741767e944ffa6e56ef78eed71a) Importer(815301076,1909f56bfc062723c751e8b465ee728b)  -> (artifact id: '8cef068f4ce445faf217f8ddabba2d57') in 0.010879 seconds 
========================================================================
Received Import Request.
  Time since last request: 0.000101 seconds.
  path: Assets/Test_ASSets_Louis/Books/textures/Book11_Normal.png
  artifactKey: Guid(3abfdbca1c40246b1abf90247333ef5a) Importer(815301076,1909f56bfc062723c751e8b465ee728b)
Start importing Assets/Test_ASSets_Louis/Books/textures/Book11_Normal.png using Guid(3abfdbca1c40246b1abf90247333ef5a) Importer(815301076,1909f56bfc062723c751e8b465ee728b)  -> (artifact id: '6a3e674e88bf8383a855e3a20400ca35') in 0.053445 seconds 
========================================================================
Received Import Request.
  Time since last request: 0.000084 seconds.
  path: Assets/Test_ASSets_Louis/Books/textures/Book9_BaseColor.png
  artifactKey: Guid(1a52bedd04a1e458db06ea61a908dfd1) Importer(815301076,1909f56bfc062723c751e8b465ee728b)
Start importing Assets/Test_ASSets_Louis/Books/textures/Book9_BaseColor.png using Guid(1a52bedd04a1e458db06ea61a908dfd1) Importer(815301076,1909f56bfc062723c751e8b465ee728b)  -> (artifact id: '9cbf5f62d67420931295a143b61e0530') in 0.011069 seconds 
========================================================================
Received Import Request.
  Time since last request: 0.000145 seconds.
  path: Assets/Test_ASSets_Louis/Books/textures/Book11_Roughness.png
  artifactKey: Guid(60c50a051e77b43d3ab86b70a2807f34) Importer(815301076,1909f56bfc062723c751e8b465ee728b)
Start importing Assets/Test_ASSets_Louis/Books/textures/Book11_Roughness.png using Guid(60c50a051e77b43d3ab86b70a2807f34) Importer(815301076,1909f56bfc062723c751e8b465ee728b)  -> (artifact id: '41ddfd5e034f25b5c5389405f9003d95') in 0.010530 seconds 
========================================================================
Received Import Request.
  Time since last request: 0.000088 seconds.
  path: Assets/Test_ASSets_Louis/Books/textures/Book4_AO.png
  artifactKey: Guid(8b0becd8c77b44cea8bd9c6fea14de15) Importer(815301076,1909f56bfc062723c751e8b465ee728b)
Start importing Assets/Test_ASSets_Louis/Books/textures/Book4_AO.png using Guid(8b0becd8c77b44cea8bd9c6fea14de15) Importer(815301076,1909f56bfc062723c751e8b465ee728b)  -> (artifact id: '59e662238c0464b4f0cddb9225940dc4') in 0.041270 seconds 
========================================================================
Received Import Request.
  Time since last request: 0.000084 seconds.
  path: Assets/Test_ASSets_Louis/Books/textures/Book11_AO.png
  artifactKey: Guid(d1dcfd953cddd43b48ab2cea2ea1c715) Importer(815301076,1909f56bfc062723c751e8b465ee728b)
Start importing Assets/Test_ASSets_Louis/Books/textures/Book11_AO.png using Guid(d1dcfd953cddd43b48ab2cea2ea1c715) Importer(815301076,1909f56bfc062723c751e8b465ee728b)  -> (artifact id: 'a70cf5cc0b2793ae9d089230505df718') in 0.009825 seconds 
========================================================================
Received Import Request.
  Time since last request: 0.000086 seconds.
  path: Assets/Test_ASSets_Louis/Books/textures/Book6_BaseColor.png
  artifactKey: Guid(7f805b853f60e440691fb88c43c3f836) Importer(815301076,1909f56bfc062723c751e8b465ee728b)
Start importing Assets/Test_ASSets_Louis/Books/textures/Book6_BaseColor.png using Guid(7f805b853f60e440691fb88c43c3f836) Importer(815301076,1909f56bfc062723c751e8b465ee728b)  -> (artifact id: 'c68436dcefbffab20408b6a49af82f7e') in 0.010487 seconds 
========================================================================
Received Import Request.
  Time since last request: 0.000086 seconds.
  path: Assets/Test_ASSets_Louis/Books/textures/Book5_Normal.png
  artifactKey: Guid(f6181ba3eec5c4f38ab34ee17030ace4) Importer(815301076,1909f56bfc062723c751e8b465ee728b)
Start importing Assets/Test_ASSets_Louis/Books/textures/Book5_Normal.png using Guid(f6181ba3eec5c4f38ab34ee17030ace4) Importer(815301076,1909f56bfc062723c751e8b465ee728b)  -> (artifact id: '9bec3ae7b346a0ced4183290b61788a8') in 0.010932 seconds 
========================================================================
Received Import Request.
  Time since last request: 0.000090 seconds.
  path: Assets/Test_ASSets_Louis/Books/textures/Book12_BaseColor.png
  artifactKey: Guid(c354115d674c04a3aacc83017fee7de0) Importer(815301076,1909f56bfc062723c751e8b465ee728b)
Start importing Assets/Test_ASSets_Louis/Books/textures/Book12_BaseColor.png using Guid(c354115d674c04a3aacc83017fee7de0) Importer(815301076,1909f56bfc062723c751e8b465ee728b)  -> (artifact id: '184a38c5995e0cb2fe29428a8381b27c') in 0.011007 seconds 
========================================================================
Received Import Request.
  Time since last request: 0.000098 seconds.
  path: Assets/Test_ASSets_Louis/Books/textures/Book9_AO.png
  artifactKey: Guid(b5ecc604a77ed499c91a70a02b6e4818) Importer(815301076,1909f56bfc062723c751e8b465ee728b)
Start importing Assets/Test_ASSets_Louis/Books/textures/Book9_AO.png using Guid(b5ecc604a77ed499c91a70a02b6e4818) Importer(815301076,1909f56bfc062723c751e8b465ee728b)  -> (artifact id: 'c143fdb9e76c9f1a92cd393135483ec9') in 0.011926 seconds 
========================================================================
Received Import Request.
  Time since last request: 0.000181 seconds.
  path: Assets/Test_ASSets_Louis/Books/textures/Book7_Roughness.png
  artifactKey: Guid(a29dd68b1532f4be7aef7349484e065a) Importer(815301076,1909f56bfc062723c751e8b465ee728b)
Start importing Assets/Test_ASSets_Louis/Books/textures/Book7_Roughness.png using Guid(a29dd68b1532f4be7aef7349484e065a) Importer(815301076,1909f56bfc062723c751e8b465ee728b)  -> (artifact id: 'd46234ec393244c8f9baec8ea251f0d9') in 0.036000 seconds 
========================================================================
Received Import Request.
  Time since last request: 0.000092 seconds.
  path: Assets/Test_ASSets_Louis/Books/textures/Book9_Normal.png
  artifactKey: Guid(29316f37efb114034be1a2354e6be560) Importer(815301076,1909f56bfc062723c751e8b465ee728b)
Start importing Assets/Test_ASSets_Louis/Books/textures/Book9_Normal.png using Guid(29316f37efb114034be1a2354e6be560) Importer(815301076,1909f56bfc062723c751e8b465ee728b)  -> (artifact id: '709aecab23ed10a3f21b94bb76ababf8') in 0.016286 seconds 
========================================================================
Received Import Request.
  Time since last request: 0.000106 seconds.
  path: Assets/Test_ASSets_Louis/Books/textures/Book3_Normal.png
  artifactKey: Guid(d45c3171eb258453aa830b597518b956) Importer(815301076,1909f56bfc062723c751e8b465ee728b)
Start importing Assets/Test_ASSets_Louis/Books/textures/Book3_Normal.png using Guid(d45c3171eb258453aa830b597518b956) Importer(815301076,1909f56bfc062723c751e8b465ee728b)  -> (artifact id: '596d90de291be7aa8b61250334dbf0df') in 0.013148 seconds 
========================================================================
Received Import Request.
  Time since last request: 0.000111 seconds.
  path: Assets/Test_ASSets_Louis/Books/textures/Book2_Roughness.png
  artifactKey: Guid(07afd8dcacb4841e58d31880aefcd27f) Importer(815301076,1909f56bfc062723c751e8b465ee728b)
Start importing Assets/Test_ASSets_Louis/Books/textures/Book2_Roughness.png using Guid(07afd8dcacb4841e58d31880aefcd27f) Importer(815301076,1909f56bfc062723c751e8b465ee728b)  -> (artifact id: 'a6c12659a50671d070099e729d5582cf') in 0.012305 seconds 
========================================================================
Received Import Request.
  Time since last request: 0.000113 seconds.
  path: Assets/Test_ASSets_Louis/Books/textures/Book3_BaseColor.png
  artifactKey: Guid(29570f974932642bdac8d75f7d6174ce) Importer(815301076,1909f56bfc062723c751e8b465ee728b)
Start importing Assets/Test_ASSets_Louis/Books/textures/Book3_BaseColor.png using Guid(29570f974932642bdac8d75f7d6174ce) Importer(815301076,1909f56bfc062723c751e8b465ee728b)  -> (artifact id: 'd2e3314533713f33dba92e52d5f483ab') in 0.033102 seconds 
========================================================================
Received Import Request.
  Time since last request: 0.000088 seconds.
  path: Assets/Test_ASSets_Louis/Books/textures/Book8_AO.png
  artifactKey: Guid(5135db7b13b514abfb3cb92edf1b2229) Importer(815301076,1909f56bfc062723c751e8b465ee728b)
Start importing Assets/Test_ASSets_Louis/Books/textures/Book8_AO.png using Guid(5135db7b13b514abfb3cb92edf1b2229) Importer(815301076,1909f56bfc062723c751e8b465ee728b)  -> (artifact id: '807b22e54cc0fdc6348f7a02b6a55829') in 0.009886 seconds 
========================================================================
Received Import Request.
  Time since last request: 0.000080 seconds.
  path: Assets/Test_ASSets_Louis/Books/textures/Book9_Roughness.png
  artifactKey: Guid(da4b51af487db43a0a6b4bedb8e42654) Importer(815301076,1909f56bfc062723c751e8b465ee728b)
Start importing Assets/Test_ASSets_Louis/Books/textures/Book9_Roughness.png using Guid(da4b51af487db43a0a6b4bedb8e42654) Importer(815301076,1909f56bfc062723c751e8b465ee728b)  -> (artifact id: 'a1b9989a5eaaaa7d4a96ac2b0e45fc20') in 0.009682 seconds 
========================================================================
Received Import Request.
  Time since last request: 0.000092 seconds.
  path: Assets/Test_ASSets_Louis/Books/textures/Book6_Roughness.png
  artifactKey: Guid(9c8347482d0fd47218e1eb80223177e6) Importer(815301076,1909f56bfc062723c751e8b465ee728b)
Start importing Assets/Test_ASSets_Louis/Books/textures/Book6_Roughness.png using Guid(9c8347482d0fd47218e1eb80223177e6) Importer(815301076,1909f56bfc062723c751e8b465ee728b)  -> (artifact id: 'c1758f49b8928f9176b10295d99b9e61') in 0.010110 seconds 
========================================================================
Received Import Request.
  Time since last request: 0.000091 seconds.
  path: Assets/Test_ASSets_Louis/Books/textures/Book8_Normal.png
  artifactKey: Guid(b2b2db41bc21f441382f3b6e3e87d284) Importer(815301076,1909f56bfc062723c751e8b465ee728b)
Start importing Assets/Test_ASSets_Louis/Books/textures/Book8_Normal.png using Guid(b2b2db41bc21f441382f3b6e3e87d284) Importer(815301076,1909f56bfc062723c751e8b465ee728b)  -> (artifact id: '7692c8fb8213c8f054dd6e820045a90e') in 0.035050 seconds 
========================================================================
Received Import Request.
  Time since last request: 0.000083 seconds.
  path: Assets/Test_ASSets_Louis/Books/textures/Book8_Roughness.png
  artifactKey: Guid(a44b4d01f625a4fee8185af605f19640) Importer(815301076,1909f56bfc062723c751e8b465ee728b)
Start importing Assets/Test_ASSets_Louis/Books/textures/Book8_Roughness.png using Guid(a44b4d01f625a4fee8185af605f19640) Importer(815301076,1909f56bfc062723c751e8b465ee728b)  -> (artifact id: '5125fbc608d72e9d8206838c0abebcfa') in 0.018326 seconds 
========================================================================
Received Import Request.
  Time since last request: 0.000090 seconds.
  path: Assets/Test_ASSets_Louis/Books/textures/Book5_Roughness.png
  artifactKey: Guid(58ecc423350ea4518a18b10e8daf150e) Importer(815301076,1909f56bfc062723c751e8b465ee728b)
Start importing Assets/Test_ASSets_Louis/Books/textures/Book5_Roughness.png using Guid(58ecc423350ea4518a18b10e8daf150e) Importer(815301076,1909f56bfc062723c751e8b465ee728b)  -> (artifact id: '0a93d79a051c03b01fca06445a6357d2') in 0.010155 seconds 
========================================================================
Received Import Request.
  Time since last request: 0.000126 seconds.
  path: Assets/Test_ASSets_Louis/Books/textures/Book10_AO.png
  artifactKey: Guid(02ee25b5886704d3e95e72add7c7b8c3) Importer(815301076,1909f56bfc062723c751e8b465ee728b)
Start importing Assets/Test_ASSets_Louis/Books/textures/Book10_AO.png using Guid(02ee25b5886704d3e95e72add7c7b8c3) Importer(815301076,1909f56bfc062723c751e8b465ee728b)  -> (artifact id: '10d1c84b52e1a51a11b158f27b8e2549') in 0.009841 seconds 
========================================================================
Received Import Request.
  Time since last request: 0.000093 seconds.
  path: Assets/Test_ASSets_Louis/Books/textures/Book6_AO.png
  artifactKey: Guid(ff9dbf17cd27841d18b654568c06e43b) Importer(815301076,1909f56bfc062723c751e8b465ee728b)
Start importing Assets/Test_ASSets_Louis/Books/textures/Book6_AO.png using Guid(ff9dbf17cd27841d18b654568c06e43b) Importer(815301076,1909f56bfc062723c751e8b465ee728b)  -> (artifact id: 'b0efcb748f24d085dde450329d38def0') in 0.034143 seconds 
========================================================================
Received Import Request.
  Time since last request: 0.000093 seconds.
  path: Assets/Test_ASSets_Louis/Books/textures/Book10_Normal.png
  artifactKey: Guid(5d953fb53072b4f9ea31485b3b0b1f72) Importer(815301076,1909f56bfc062723c751e8b465ee728b)
Start importing Assets/Test_ASSets_Louis/Books/textures/Book10_Normal.png using Guid(5d953fb53072b4f9ea31485b3b0b1f72) Importer(815301076,1909f56bfc062723c751e8b465ee728b)  -> (artifact id: '784f9384c3c458dc035cf389bf29ce33') in 0.012114 seconds 
========================================================================
Received Import Request.
  Time since last request: 0.000088 seconds.
  path: Assets/Test_ASSets_Louis/Books/textures/Book2_Normal.png
  artifactKey: Guid(c6ee3ac58271b42509cc748633e19f9a) Importer(815301076,1909f56bfc062723c751e8b465ee728b)
Start importing Assets/Test_ASSets_Louis/Books/textures/Book2_Normal.png using Guid(c6ee3ac58271b42509cc748633e19f9a) Importer(815301076,1909f56bfc062723c751e8b465ee728b)  -> (artifact id: '4d76e11518ce1eabbe0fc05e54e32b6e') in 0.010050 seconds 
========================================================================
Received Import Request.
  Time since last request: 0.000088 seconds.
  path: Assets/Test_ASSets_Louis/Books/textures/Book7_AO.png
  artifactKey: Guid(f0c6f302d8edf432c81c57d3192ed186) Importer(815301076,1909f56bfc062723c751e8b465ee728b)
Start importing Assets/Test_ASSets_Louis/Books/textures/Book7_AO.png using Guid(f0c6f302d8edf432c81c57d3192ed186) Importer(815301076,1909f56bfc062723c751e8b465ee728b)  -> (artifact id: 'a1c5a5c3164f5bc08df9b29be4507858') in 0.009762 seconds 
========================================================================
Received Import Request.
  Time since last request: 0.000140 seconds.
  path: Assets/Test_ASSets_Louis/Books/textures/Book5_BaseColor.png
  artifactKey: Guid(0126f97e9540546b4a9c981ad8289611) Importer(815301076,1909f56bfc062723c751e8b465ee728b)
Start importing Assets/Test_ASSets_Louis/Books/textures/Book5_BaseColor.png using Guid(0126f97e9540546b4a9c981ad8289611) Importer(815301076,1909f56bfc062723c751e8b465ee728b)  -> (artifact id: '9eb5f41376f6608ab9d3265608931ea8') in 0.014462 seconds 
========================================================================
Received Import Request.
  Time since last request: 0.000086 seconds.
  path: Assets/Test_ASSets_Louis/Books/textures/Book8_BaseColor.png
  artifactKey: Guid(40ca7a247ec6f423d8b795ba1341b5a9) Importer(815301076,1909f56bfc062723c751e8b465ee728b)
Start importing Assets/Test_ASSets_Louis/Books/textures/Book8_BaseColor.png using Guid(40ca7a247ec6f423d8b795ba1341b5a9) Importer(815301076,1909f56bfc062723c751e8b465ee728b)  -> (artifact id: '625b53d01bb2e17f29f0aeec6b097a4a') in 0.039719 seconds 
Editor requested this worker to shutdown with reason: Scaling down because of idle timeout
AssetImportWorker is now disconnected from the server
Process exiting
