Unity Editor version:    2021.3.11f1 (0a5ca18544bf)
Branch:                  2021.3/staging
Build type:              Release
Batch mode:              YES
macOS version:           Version 11.6 (Build 20G165)
Darwin version:          20.6.0
Architecture:            x86_64
Running under Rosetta:   NO
Available memory:        16384 MB
Using pre-set license
Pro License: YES

COMMAND LINE ARGUMENTS:
/Applications/Unity/Hub/Editor/2021.3.11f1/Unity.app/Contents/MacOS/Unity
-adb2
-batchMode
-noUpm
-name
AssetImportWorker0
-projectPath
/Users/nepnepjunior/Desktop/School/School Projects/IMT&S/LoudItIs/VRProject
-logFile
Logs/AssetImportWorker0.log
-srvPort
52054
Successfully changed project path to: /Users/nepnepjunior/Desktop/School/School Projects/IMT&S/LoudItIs/VRProject
/Users/nepnepjunior/Desktop/School/School Projects/IMT&S/LoudItIs/VRProject
[UnityMemory] Configuration Parameters - Can be set up in boot.config
    "memorysetup-bucket-allocator-granularity=16"
    "memorysetup-bucket-allocator-bucket-count=8"
    "memorysetup-bucket-allocator-block-size=33554432"
    "memorysetup-bucket-allocator-block-count=8"
    "memorysetup-main-allocator-block-size=16777216"
    "memorysetup-thread-allocator-block-size=16777216"
    "memorysetup-gfx-main-allocator-block-size=16777216"
    "memorysetup-gfx-thread-allocator-block-size=16777216"
    "memorysetup-cache-allocator-block-size=4194304"
    "memorysetup-typetree-allocator-block-size=2097152"
    "memorysetup-profiler-bucket-allocator-granularity=16"
    "memorysetup-profiler-bucket-allocator-bucket-count=8"
    "memorysetup-profiler-bucket-allocator-block-size=33554432"
    "memorysetup-profiler-bucket-allocator-block-count=8"
    "memorysetup-profiler-allocator-block-size=16777216"
    "memorysetup-profiler-editor-allocator-block-size=1048576"
    "memorysetup-temp-allocator-size-main=16777216"
    "memorysetup-job-temp-allocator-block-size=2097152"
    "memorysetup-job-temp-allocator-block-size-background=1048576"
    "memorysetup-job-temp-allocator-reduction-small-platforms=262144"
    "memorysetup-temp-allocator-size-background-worker=32768"
    "memorysetup-temp-allocator-size-job-worker=262144"
    "memorysetup-temp-allocator-size-preload-manager=33554432"
    "memorysetup-temp-allocator-size-nav-mesh-worker=65536"
    "memorysetup-temp-allocator-size-audio-worker=65536"
    "memorysetup-temp-allocator-size-cloud-worker=32768"
    "memorysetup-temp-allocator-size-gi-baking-worker=262144"
    "memorysetup-temp-allocator-size-gfx=262144"
Refreshing native plugins compatible for Editor in 161.86 ms, found 3 plugins.
Preloading 1 native plugins for Editor in 8.99 ms.
Initialize engine version: 2021.3.11f1 (0a5ca18544bf)
[Subsystems] Discovering subsystems at path /Applications/Unity/Hub/Editor/2021.3.11f1/Unity.app/Contents/Resources/UnitySubsystems
[Subsystems] Discovering subsystems at path /Users/nepnepjunior/Desktop/School/School Projects/IMT&S/LoudItIs/VRProject/Assets
GfxDevice: creating device client; threaded=0; jobified=0
Color LCD preferred device: AMD Radeon Pro 555X (high power)
Metal devices available: 2
0: AMD Radeon Pro 555X (high power)
1: Intel(R) UHD Graphics 630 (low power)
Using device AMD Radeon Pro 555X (high power)
Initializing Metal device caps: AMD Radeon Pro 555X
Initialize mono
Mono path[0] = '/Applications/Unity/Hub/Editor/2021.3.11f1/Unity.app/Contents/Managed'
Mono path[1] = '/Applications/Unity/Hub/Editor/2021.3.11f1/Unity.app/Contents/MonoBleedingEdge/lib/mono/unityjit-macos'
Mono config path = '/Applications/Unity/Hub/Editor/2021.3.11f1/Unity.app/Contents/MonoBleedingEdge/etc'
Using monoOptions --debugger-agent=transport=dt_socket,embedding=1,server=y,suspend=n,address=127.0.0.1:56200
Begin MonoManager ReloadAssembly
Registering precompiled unity dll's ...
Register platform support module: /Applications/Unity/Hub/Editor/2021.3.11f1/Unity.app/Contents/PlaybackEngines/MacStandaloneSupport/UnityEditor.OSXStandalone.Extensions.dll
Register platform support module: /Applications/Unity/Hub/Editor/2021.3.11f1/PlaybackEngines/iOSSupport/UnityEditor.iOS.Extensions.dll
Registered in 0.002231 seconds.
[usbmuxd] Start listen thread
[usbmuxd] Listen thread started
[usbmuxd] Send listen message
Native extension for iOS target not found
Native extension for OSXStandalone target not found
Refreshing native plugins compatible for Editor in 159.70 ms, found 3 plugins.
Preloading 1 native plugins for Editor in 0.74 ms.
Mono: successfully reloaded assembly
- Completed reload, in  1.205 seconds
Domain Reload Profiling:
	ReloadAssembly (1206ms)
		BeginReloadAssembly (103ms)
			ExecutionOrderSort (0ms)
			DisableScriptedObjects (0ms)
			BackupInstance (0ms)
			ReleaseScriptingObjects (0ms)
			CreateAndSetChildDomain (1ms)
		EndReloadAssembly (904ms)
			LoadAssemblies (102ms)
			RebuildTransferFunctionScriptingTraits (0ms)
			SetupTypeCache (220ms)
			ReleaseScriptCaches (0ms)
			RebuildScriptCaches (50ms)
			SetupLoadedEditorAssemblies (550ms)
				LogAssemblyErrors (0ms)
				InitializePlatformSupportModulesInManaged (66ms)
				SetLoadedEditorAssemblies (0ms)
				RefreshPlugins (160ms)
				BeforeProcessingInitializeOnLoad (2ms)
				ProcessInitializeOnLoadAttributes (251ms)
				ProcessInitializeOnLoadMethodAttributes (70ms)
				AfterProcessingInitializeOnLoad (0ms)
				EditorAssembliesLoaded (0ms)
			ExecutionOrderSort2 (0ms)
			AwakeInstancesAfterBackupRestoration (0ms)
Platform modules already initialized, skipping
Registering precompiled user dll's ...
Registered in 0.006488 seconds.
Begin MonoManager ReloadAssembly
Symbol file LoadedFromMemory doesn't match image /Users/nepnepjunior/Desktop/School/School Projects/IMT&S/LoudItIs/VRProject/Library/PackageCache/com.unity.visualscripting@1.7.8/Editor/VisualScripting.Core/Dependencies/DotNetZip/Unity.VisualScripting.IonicZip.dll
Symbol file LoadedFromMemory doesn't match image /Users/nepnepjunior/Desktop/School/School Projects/IMT&S/LoudItIs/VRProject/Library/PackageCache/com.unity.visualscripting@1.7.8/Editor/VisualScripting.Core/Dependencies/YamlDotNet/Unity.VisualScripting.YamlDotNet.dll
Native extension for iOS target not found
Native extension for OSXStandalone target not found
Refreshing native plugins compatible for Editor in 146.73 ms, found 3 plugins.
Preloading 1 native plugins for Editor in 0.66 ms.
Package Manager log level set to [2]
Mono: successfully reloaded assembly
- Completed reload, in  2.150 seconds
Domain Reload Profiling:
	ReloadAssembly (2151ms)
		BeginReloadAssembly (168ms)
			ExecutionOrderSort (0ms)
			DisableScriptedObjects (9ms)
			BackupInstance (0ms)
			ReleaseScriptingObjects (0ms)
			CreateAndSetChildDomain (44ms)
		EndReloadAssembly (1782ms)
			LoadAssemblies (116ms)
			RebuildTransferFunctionScriptingTraits (0ms)
			SetupTypeCache (564ms)
			ReleaseScriptCaches (1ms)
			RebuildScriptCaches (109ms)
			SetupLoadedEditorAssemblies (904ms)
				LogAssemblyErrors (0ms)
				InitializePlatformSupportModulesInManaged (32ms)
				SetLoadedEditorAssemblies (0ms)
				RefreshPlugins (147ms)
				BeforeProcessingInitializeOnLoad (145ms)
				ProcessInitializeOnLoadAttributes (528ms)
				ProcessInitializeOnLoadMethodAttributes (48ms)
				AfterProcessingInitializeOnLoad (3ms)
				EditorAssembliesLoaded (0ms)
			ExecutionOrderSort2 (0ms)
			AwakeInstancesAfterBackupRestoration (8ms)
Platform modules already initialized, skipping
========================================================================
Worker process is ready to serve import requests
Launching external process: /Applications/Unity/Hub/Editor/2021.3.11f1/Unity.app/Contents/Tools/UnityShaderCompiler
Launched and connected shader compiler UnityShaderCompiler after 0.02 seconds
Refreshing native plugins compatible for Editor in 1.42 ms, found 3 plugins.
Preloading 1 native plugins for Editor in 1.08 ms.
Unloading 4084 Unused Serialized files (Serialized files now loaded: 0)
Unloading 49 unused Assets / (97.9 KB). Loaded Objects now: 4525.
Memory consumption went from 266.4 MB to 266.3 MB.
Total: 4.659323 ms (FindLiveObjects: 0.348838 ms CreateObjectMapping: 0.299038 ms MarkObjects: 3.859586 ms  DeleteObjects: 0.150546 ms)

AssetImportParameters requested are different than current active one (requested -> active):
  custom:video-decoder-ogg-theora: a1e56fd34408186e4bbccfd4996cb3dc -> 
  custom:container-muxer-webm: aa71ff27fc2769a1b78a27578f13a17b -> 
  custom:container-demuxer-webm: 4f35f7cbe854078d1ac9338744f61a02 -> 
  custom:video-encoder-webm-vp8: eb34c28f22e8b96e1ab97ce403110664 -> 
  custom:framework-osx-AVFoundation: e770b220cccbd017edd2c1fefb359320 -> 
  custom:audio-encoder-webm-vorbis: bf7c407c2cedff20999df2af8eb42d56 -> 
  custom:container-demuxer-ogg: 62fdf1f143b41e24485cea50d1cbac27 -> 
  custom:video-decoder-webm-vp8: 9c59270c3fd7afecdb556c50c9e8de78 -> 
  custom:audio-decoder-ogg-vorbis: bf7c407c2cedff20999df2af8eb42d56 -> 
========================================================================
Received Import Request.
  Time since last request: 18528.247849 seconds.
  path: Assets/Test_ASSets_Louis/walls/Walls.mat
  artifactKey: Guid(d1dc66a247e2b4ac88e6e2ef75937b50) Importer(815301076,1909f56bfc062723c751e8b465ee728b)
Start importing Assets/Test_ASSets_Louis/walls/Walls.mat using Guid(d1dc66a247e2b4ac88e6e2ef75937b50) Importer(815301076,1909f56bfc062723c751e8b465ee728b)  -> (artifact id: '7a35679ae1286ccc1651c1c14a666c7d') in 4.502675 seconds 
========================================================================
Received Import Request.
  Time since last request: 358.183899 seconds.
  path: Assets/Test_ASSets_Louis/Corpse
  artifactKey: Guid(4bdb89d71cd8f43cfbf86f56c33c24dc) Importer(815301076,1909f56bfc062723c751e8b465ee728b)
Start importing Assets/Test_ASSets_Louis/Corpse using Guid(4bdb89d71cd8f43cfbf86f56c33c24dc) Importer(815301076,1909f56bfc062723c751e8b465ee728b)  -> (artifact id: 'cb3258bf72be2539fd33c3d998d9396a') in 0.001013 seconds 
========================================================================
Received Import Request.
  Time since last request: 14.288370 seconds.
  path: Assets/Test_ASSets_Louis/Corpse/BodyLow.fbx
  artifactKey: Guid(6631f1527d7ba47de85611b182bb9833) Importer(815301076,1909f56bfc062723c751e8b465ee728b)
Start importing Assets/Test_ASSets_Louis/Corpse/BodyLow.fbx using Guid(6631f1527d7ba47de85611b182bb9833) Importer(815301076,1909f56bfc062723c751e8b465ee728b)  -> (artifact id: 'a15f5ad7cafe440ecb7687fa865fe1e9') in 3.172036 seconds 
========================================================================
Received Import Request.
  Time since last request: 6.558137 seconds.
  path: Assets/Test_ASSets_Louis/Corpse/texture
  artifactKey: Guid(6495b4fe1671d4aa4b45a217ba593619) Importer(815301076,1909f56bfc062723c751e8b465ee728b)
Start importing Assets/Test_ASSets_Louis/Corpse/texture using Guid(6495b4fe1671d4aa4b45a217ba593619) Importer(815301076,1909f56bfc062723c751e8b465ee728b)  -> (artifact id: '05a94056a3de821e02ed8d5583864d26') in 0.001084 seconds 
========================================================================
Received Import Request.
  Time since last request: 3.949430 seconds.
  path: Assets/Test_ASSets_Louis/Corpse/texture/Material__57_Base_Color.png
  artifactKey: Guid(5d5fcb6370f6a4de6a8ec887048285e3) Importer(815301076,1909f56bfc062723c751e8b465ee728b)
Start importing Assets/Test_ASSets_Louis/Corpse/texture/Material__57_Base_Color.png using Guid(5d5fcb6370f6a4de6a8ec887048285e3) Importer(815301076,1909f56bfc062723c751e8b465ee728b)  -> (artifact id: 'fbf02cfd089bcac0106a4277e841989d') in 1.472407 seconds 
========================================================================
Received Import Request.
  Time since last request: 0.002575 seconds.
  path: Assets/Test_ASSets_Louis/Corpse/texture/Material__57_Roughness.png
  artifactKey: Guid(b04292bc2911c4476805a144c53fabe0) Importer(815301076,1909f56bfc062723c751e8b465ee728b)
Start importing Assets/Test_ASSets_Louis/Corpse/texture/Material__57_Roughness.png using Guid(b04292bc2911c4476805a144c53fabe0) Importer(815301076,1909f56bfc062723c751e8b465ee728b)  -> (artifact id: 'fddd1a692149f03a420e67ce706cfe70') in 0.009874 seconds 
========================================================================
Received Import Request.
  Time since last request: 0.000087 seconds.
  path: Assets/Test_ASSets_Louis/Corpse/texture/Material__57_Normal_DirectX.png
  artifactKey: Guid(96c704d67e6a54ebdb859c8eb573b0e9) Importer(815301076,1909f56bfc062723c751e8b465ee728b)
Start importing Assets/Test_ASSets_Louis/Corpse/texture/Material__57_Normal_DirectX.png using Guid(96c704d67e6a54ebdb859c8eb573b0e9) Importer(815301076,1909f56bfc062723c751e8b465ee728b)  -> (artifact id: '54af743a79bb1a699b17dd7d46a8bfde') in 0.009783 seconds 
========================================================================
Received Import Request.
  Time since last request: 268.825051 seconds.
  path: Assets/Test_ASSets_Louis/Ceiling/disp.png
  artifactKey: Guid(ec730cc6a53dd4a839cb2cc898a25a6e) Importer(815301076,1909f56bfc062723c751e8b465ee728b)
Start importing Assets/Test_ASSets_Louis/Ceiling/disp.png using Guid(ec730cc6a53dd4a839cb2cc898a25a6e) Importer(815301076,1909f56bfc062723c751e8b465ee728b)  -> (artifact id: '874c24f72414f3bcf26b3da6ca811ea7') in 0.018402 seconds 
========================================================================
Received Import Request.
  Time since last request: 0.001248 seconds.
  path: Assets/Test_ASSets_Louis/Ceiling/normal.png
  artifactKey: Guid(fb86108b2e32d4789bdaa2750f6d3276) Importer(815301076,1909f56bfc062723c751e8b465ee728b)
Start importing Assets/Test_ASSets_Louis/Ceiling/normal.png using Guid(fb86108b2e32d4789bdaa2750f6d3276) Importer(815301076,1909f56bfc062723c751e8b465ee728b)  -> (artifact id: 'e1601360e9a45e65f10e379b8758c133') in 0.015651 seconds 
========================================================================
Received Import Request.
  Time since last request: 118.183056 seconds.
  path: Assets/Test_ASSets_Louis/Ceiling/sostrePlaça_final.obj
  artifactKey: Guid(37dd9a1adc1f04aef940a32589579ba9) Importer(815301076,1909f56bfc062723c751e8b465ee728b)
Start importing Assets/Test_ASSets_Louis/Ceiling/sostrePlaça_final.obj using Guid(37dd9a1adc1f04aef940a32589579ba9) Importer(815301076,1909f56bfc062723c751e8b465ee728b)  -> (artifact id: '1e5e2e91bcf656f2dbafe4542c83d309') in 4.881231 seconds 
