Unity Editor version:    2021.3.11f1 (0a5ca18544bf)
Branch:                  2021.3/staging
Build type:              Release
Batch mode:              YES
macOS version:           Version 11.6 (Build 20G165)
Darwin version:          20.6.0
Architecture:            x86_64
Running under Rosetta:   NO
Available memory:        16384 MB
Using pre-set license
Pro License: YES

COMMAND LINE ARGUMENTS:
/Applications/Unity/Hub/Editor/2021.3.11f1/Unity.app/Contents/MacOS/Unity
-adb2
-batchMode
-noUpm
-name
AssetImportWorker10
-projectPath
/Users/nepnepjunior/Desktop/School/School Projects/IMT&S/LoudItIs/VRProject
-logFile
Logs/AssetImportWorker10.log
-srvPort
51088
Successfully changed project path to: /Users/nepnepjunior/Desktop/School/School Projects/IMT&S/LoudItIs/VRProject
/Users/nepnepjunior/Desktop/School/School Projects/IMT&S/LoudItIs/VRProject
[UnityMemory] Configuration Parameters - Can be set up in boot.config
    "memorysetup-bucket-allocator-granularity=16"
    "memorysetup-bucket-allocator-bucket-count=8"
    "memorysetup-bucket-allocator-block-size=33554432"
    "memorysetup-bucket-allocator-block-count=8"
    "memorysetup-main-allocator-block-size=16777216"
    "memorysetup-thread-allocator-block-size=16777216"
    "memorysetup-gfx-main-allocator-block-size=16777216"
    "memorysetup-gfx-thread-allocator-block-size=16777216"
    "memorysetup-cache-allocator-block-size=4194304"
    "memorysetup-typetree-allocator-block-size=2097152"
    "memorysetup-profiler-bucket-allocator-granularity=16"
    "memorysetup-profiler-bucket-allocator-bucket-count=8"
    "memorysetup-profiler-bucket-allocator-block-size=33554432"
    "memorysetup-profiler-bucket-allocator-block-count=8"
    "memorysetup-profiler-allocator-block-size=16777216"
    "memorysetup-profiler-editor-allocator-block-size=1048576"
    "memorysetup-temp-allocator-size-main=16777216"
    "memorysetup-job-temp-allocator-block-size=2097152"
    "memorysetup-job-temp-allocator-block-size-background=1048576"
    "memorysetup-job-temp-allocator-reduction-small-platforms=262144"
    "memorysetup-temp-allocator-size-background-worker=32768"
    "memorysetup-temp-allocator-size-job-worker=262144"
    "memorysetup-temp-allocator-size-preload-manager=33554432"
    "memorysetup-temp-allocator-size-nav-mesh-worker=65536"
    "memorysetup-temp-allocator-size-audio-worker=65536"
    "memorysetup-temp-allocator-size-cloud-worker=32768"
    "memorysetup-temp-allocator-size-gi-baking-worker=262144"
    "memorysetup-temp-allocator-size-gfx=262144"
Refreshing native plugins compatible for Editor in 122.94 ms, found 3 plugins.
Preloading 1 native plugins for Editor in 6.42 ms.
Initialize engine version: 2021.3.11f1 (0a5ca18544bf)
[Subsystems] Discovering subsystems at path /Applications/Unity/Hub/Editor/2021.3.11f1/Unity.app/Contents/Resources/UnitySubsystems
[Subsystems] Discovering subsystems at path /Users/nepnepjunior/Desktop/School/School Projects/IMT&S/LoudItIs/VRProject/Assets
GfxDevice: creating device client; threaded=0; jobified=0
Color LCD preferred device: AMD Radeon Pro 555X (high power)
Metal devices available: 2
0: AMD Radeon Pro 555X (high power)
1: Intel(R) UHD Graphics 630 (low power)
Using device AMD Radeon Pro 555X (high power)
Initializing Metal device caps: AMD Radeon Pro 555X
Initialize mono
Mono path[0] = '/Applications/Unity/Hub/Editor/2021.3.11f1/Unity.app/Contents/Managed'
Mono path[1] = '/Applications/Unity/Hub/Editor/2021.3.11f1/Unity.app/Contents/MonoBleedingEdge/lib/mono/unityjit-macos'
Mono config path = '/Applications/Unity/Hub/Editor/2021.3.11f1/Unity.app/Contents/MonoBleedingEdge/etc'
Using monoOptions --debugger-agent=transport=dt_socket,embedding=1,server=y,suspend=n,address=127.0.0.1:56568
Begin MonoManager ReloadAssembly
Registering precompiled unity dll's ...
Register platform support module: /Applications/Unity/Hub/Editor/2021.3.11f1/Unity.app/Contents/PlaybackEngines/MacStandaloneSupport/UnityEditor.OSXStandalone.Extensions.dll
Register platform support module: /Applications/Unity/Hub/Editor/2021.3.11f1/PlaybackEngines/iOSSupport/UnityEditor.iOS.Extensions.dll
Registered in 0.002041 seconds.
[usbmuxd] Start listen thread
[usbmuxd] Listen thread started
[usbmuxd] Send listen message
Native extension for iOS target not found
Native extension for OSXStandalone target not found
Refreshing native plugins compatible for Editor in 115.31 ms, found 3 plugins.
Preloading 1 native plugins for Editor in 0.84 ms.
Mono: successfully reloaded assembly
- Completed reload, in  0.949 seconds
Domain Reload Profiling:
	ReloadAssembly (950ms)
		BeginReloadAssembly (84ms)
			ExecutionOrderSort (0ms)
			DisableScriptedObjects (0ms)
			BackupInstance (0ms)
			ReleaseScriptingObjects (0ms)
			CreateAndSetChildDomain (1ms)
		EndReloadAssembly (699ms)
			LoadAssemblies (83ms)
			RebuildTransferFunctionScriptingTraits (0ms)
			SetupTypeCache (169ms)
			ReleaseScriptCaches (0ms)
			RebuildScriptCaches (39ms)
			SetupLoadedEditorAssemblies (424ms)
				LogAssemblyErrors (0ms)
				InitializePlatformSupportModulesInManaged (48ms)
				SetLoadedEditorAssemblies (0ms)
				RefreshPlugins (116ms)
				BeforeProcessingInitializeOnLoad (1ms)
				ProcessInitializeOnLoadAttributes (196ms)
				ProcessInitializeOnLoadMethodAttributes (63ms)
				AfterProcessingInitializeOnLoad (0ms)
				EditorAssembliesLoaded (0ms)
			ExecutionOrderSort2 (0ms)
			AwakeInstancesAfterBackupRestoration (0ms)
Platform modules already initialized, skipping
Registering precompiled user dll's ...
Registered in 0.007950 seconds.
Begin MonoManager ReloadAssembly
Symbol file LoadedFromMemory doesn't match image /Users/nepnepjunior/Desktop/School/School Projects/IMT&S/LoudItIs/VRProject/Library/PackageCache/com.unity.visualscripting@1.7.8/Editor/VisualScripting.Core/Dependencies/DotNetZip/Unity.VisualScripting.IonicZip.dll
Symbol file LoadedFromMemory doesn't match image /Users/nepnepjunior/Desktop/School/School Projects/IMT&S/LoudItIs/VRProject/Library/PackageCache/com.unity.visualscripting@1.7.8/Editor/VisualScripting.Core/Dependencies/YamlDotNet/Unity.VisualScripting.YamlDotNet.dll
Native extension for iOS target not found
Native extension for OSXStandalone target not found
Refreshing native plugins compatible for Editor in 102.72 ms, found 3 plugins.
Preloading 1 native plugins for Editor in 0.49 ms.
Package Manager log level set to [2]
Mono: successfully reloaded assembly
- Completed reload, in  1.587 seconds
Domain Reload Profiling:
	ReloadAssembly (1588ms)
		BeginReloadAssembly (130ms)
			ExecutionOrderSort (0ms)
			DisableScriptedObjects (7ms)
			BackupInstance (0ms)
			ReleaseScriptingObjects (0ms)
			CreateAndSetChildDomain (35ms)
		EndReloadAssembly (1315ms)
			LoadAssemblies (87ms)
			RebuildTransferFunctionScriptingTraits (0ms)
			SetupTypeCache (390ms)
			ReleaseScriptCaches (1ms)
			RebuildScriptCaches (73ms)
			SetupLoadedEditorAssemblies (703ms)
				LogAssemblyErrors (0ms)
				InitializePlatformSupportModulesInManaged (23ms)
				SetLoadedEditorAssemblies (0ms)
				RefreshPlugins (103ms)
				BeforeProcessingInitializeOnLoad (102ms)
				ProcessInitializeOnLoadAttributes (429ms)
				ProcessInitializeOnLoadMethodAttributes (44ms)
				AfterProcessingInitializeOnLoad (3ms)
				EditorAssembliesLoaded (0ms)
			ExecutionOrderSort2 (0ms)
			AwakeInstancesAfterBackupRestoration (5ms)
Platform modules already initialized, skipping
========================================================================
Worker process is ready to serve import requests
Launching external process: /Applications/Unity/Hub/Editor/2021.3.11f1/Unity.app/Contents/Tools/UnityShaderCompiler
Launched and connected shader compiler UnityShaderCompiler after 0.01 seconds
Refreshing native plugins compatible for Editor in 0.96 ms, found 3 plugins.
Preloading 1 native plugins for Editor in 0.52 ms.
Unloading 4084 Unused Serialized files (Serialized files now loaded: 0)
Unloading 49 unused Assets / (104.9 KB). Loaded Objects now: 4525.
Memory consumption went from 266.2 MB to 266.1 MB.
Total: 4.007536 ms (FindLiveObjects: 0.346861 ms CreateObjectMapping: 0.264943 ms MarkObjects: 3.271604 ms  DeleteObjects: 0.123279 ms)

AssetImportParameters requested are different than current active one (requested -> active):
  custom:video-decoder-ogg-theora: a1e56fd34408186e4bbccfd4996cb3dc -> 
  custom:container-muxer-webm: aa71ff27fc2769a1b78a27578f13a17b -> 
  custom:container-demuxer-webm: 4f35f7cbe854078d1ac9338744f61a02 -> 
  custom:video-encoder-webm-vp8: eb34c28f22e8b96e1ab97ce403110664 -> 
  custom:framework-osx-AVFoundation: e770b220cccbd017edd2c1fefb359320 -> 
  custom:audio-encoder-webm-vorbis: bf7c407c2cedff20999df2af8eb42d56 -> 
  custom:container-demuxer-ogg: 62fdf1f143b41e24485cea50d1cbac27 -> 
  custom:video-decoder-webm-vp8: 9c59270c3fd7afecdb556c50c9e8de78 -> 
  custom:audio-decoder-ogg-vorbis: bf7c407c2cedff20999df2af8eb42d56 -> 
========================================================================
Received Import Request.
  Time since last request: 13736.341265 seconds.
  path: Assets/Test_ASSets_Louis/Chandelier/textures/Chandelier.mat
  artifactKey: Guid(cd217b18b1e2d4be5a0b2832ae4f174e) Importer(815301076,1909f56bfc062723c751e8b465ee728b)
Start importing Assets/Test_ASSets_Louis/Chandelier/textures/Chandelier.mat using Guid(cd217b18b1e2d4be5a0b2832ae4f174e) Importer(815301076,1909f56bfc062723c751e8b465ee728b)  -> (artifact id: '1aaadb9e988613ff0e44f4d00d83a336') in 2.837930 seconds 
========================================================================
Received Import Request.
  Time since last request: 22.105946 seconds.
  path: Assets/Test_ASSets_Louis/Chandelier/textures/chandelier_mt_normal.png
  artifactKey: Guid(9bdced1ed161044a1b62b90e291f8c0e) Importer(815301076,1909f56bfc062723c751e8b465ee728b)
Start importing Assets/Test_ASSets_Louis/Chandelier/textures/chandelier_mt_normal.png using Guid(9bdced1ed161044a1b62b90e291f8c0e) Importer(815301076,1909f56bfc062723c751e8b465ee728b)  -> (artifact id: 'e6efdaf41f6541f06f346fb487de3274') in 0.901496 seconds 
========================================================================
Received Import Request.
  Time since last request: 27.344571 seconds.
  path: Assets/Test_ASSets_Louis/Chandelier/model.fbx
  artifactKey: Guid(c63614b2a96c04fa69dac5f9a12bb01a) Importer(815301076,1909f56bfc062723c751e8b465ee728b)
Start importing Assets/Test_ASSets_Louis/Chandelier/model.fbx using Guid(c63614b2a96c04fa69dac5f9a12bb01a) Importer(815301076,1909f56bfc062723c751e8b465ee728b)  -> (artifact id: 'fec7a74a45c332dae24d0a1a05d80e10') in 2.849960 seconds 
========================================================================
Received Import Request.
  Time since last request: 15.979118 seconds.
  path: Assets/Test_ASSets_Louis/Chandelier/textures/Chandelier_candles.mat
  artifactKey: Guid(9401c10d6b6774ea7b20a217c8e62b79) Importer(815301076,1909f56bfc062723c751e8b465ee728b)
Start importing Assets/Test_ASSets_Louis/Chandelier/textures/Chandelier_candles.mat using Guid(9401c10d6b6774ea7b20a217c8e62b79) Importer(815301076,1909f56bfc062723c751e8b465ee728b)  -> (artifact id: 'a4793cab2dbeaf4f90110f6d2755c06f') in 0.043113 seconds 
========================================================================
Received Import Request.
  Time since last request: 62.950143 seconds.
  path: Assets/Test_ASSets_Louis/Chandelier/model.fbx
  artifactKey: Guid(c63614b2a96c04fa69dac5f9a12bb01a) Importer(815301076,1909f56bfc062723c751e8b465ee728b)
Start importing Assets/Test_ASSets_Louis/Chandelier/model.fbx using Guid(c63614b2a96c04fa69dac5f9a12bb01a) Importer(815301076,1909f56bfc062723c751e8b465ee728b)  -> (artifact id: 'cd06d16d7d757936f292c89f0fab7535') in 0.119338 seconds 
========================================================================
Received Import Request.
  Time since last request: 25.303347 seconds.
  path: Assets/Test_ASSets_Louis/Chandelier/textures/Chandelier_leather.mat
  artifactKey: Guid(4e783148dd8cb457a99e637924c245cc) Importer(815301076,1909f56bfc062723c751e8b465ee728b)
Start importing Assets/Test_ASSets_Louis/Chandelier/textures/Chandelier_leather.mat using Guid(4e783148dd8cb457a99e637924c245cc) Importer(815301076,1909f56bfc062723c751e8b465ee728b)  -> (artifact id: 'd69c284f324544f854c176dc0ac98bda') in 0.048392 seconds 
========================================================================
Received Import Request.
  Time since last request: 30.180281 seconds.
  path: Assets/Test_ASSets_Louis/Chandelier/model.fbx
  artifactKey: Guid(c63614b2a96c04fa69dac5f9a12bb01a) Importer(815301076,1909f56bfc062723c751e8b465ee728b)
Start importing Assets/Test_ASSets_Louis/Chandelier/model.fbx using Guid(c63614b2a96c04fa69dac5f9a12bb01a) Importer(815301076,1909f56bfc062723c751e8b465ee728b)  -> (artifact id: 'eca662342b28bb6463eadd0c510e9527') in 0.106049 seconds 
========================================================================
Received Import Request.
  Time since last request: 8.121233 seconds.
  path: Assets/Test_ASSets_Louis/Chandelier/model.fbx
  artifactKey: Guid(c63614b2a96c04fa69dac5f9a12bb01a) Importer(815301076,1909f56bfc062723c751e8b465ee728b)
Start importing Assets/Test_ASSets_Louis/Chandelier/model.fbx using Guid(c63614b2a96c04fa69dac5f9a12bb01a) Importer(815301076,1909f56bfc062723c751e8b465ee728b)  -> (artifact id: 'a9630630023c1411ce720e2803d47986') in 0.141671 seconds 
========================================================================
Received Import Request.
  Time since last request: 1.531861 seconds.
  path: Assets/Test_ASSets_Louis/Chandelier/model.fbx
  artifactKey: Guid(c63614b2a96c04fa69dac5f9a12bb01a) Importer(815301076,1909f56bfc062723c751e8b465ee728b)
Start importing Assets/Test_ASSets_Louis/Chandelier/model.fbx using Guid(c63614b2a96c04fa69dac5f9a12bb01a) Importer(815301076,1909f56bfc062723c751e8b465ee728b)  -> (artifact id: 'fc96ae5b6220d4e46c6334260d5ef451') in 0.145745 seconds 
========================================================================
Received Import Request.
  Time since last request: 84.006254 seconds.
  path: Assets/Test_ASSets_Louis/Chair_2
  artifactKey: Guid(cb35e4c13824b4343b3bbf3fd261daa9) Importer(815301076,1909f56bfc062723c751e8b465ee728b)
Start importing Assets/Test_ASSets_Louis/Chair_2 using Guid(cb35e4c13824b4343b3bbf3fd261daa9) Importer(815301076,1909f56bfc062723c751e8b465ee728b)  -> (artifact id: 'ca1cd1879a9e2e12067cfb50e8445e15') in 0.001101 seconds 
========================================================================
Received Import Request.
  Time since last request: 8.439283 seconds.
  path: Assets/Test_ASSets_Louis/Chair_2/bigchairlow.fbx
  artifactKey: Guid(5b9a3bb559b6145a0afe751405876423) Importer(815301076,1909f56bfc062723c751e8b465ee728b)
Start importing Assets/Test_ASSets_Louis/Chair_2/bigchairlow.fbx using Guid(5b9a3bb559b6145a0afe751405876423) Importer(815301076,1909f56bfc062723c751e8b465ee728b)  -> (artifact id: '56963f5de39473ce4eece723be6625d4') in 0.095456 seconds 
========================================================================
Received Import Request.
  Time since last request: 9.673934 seconds.
  path: Assets/Test_ASSets_Louis/Chair_2/textures
  artifactKey: Guid(561729f2445964666871ca96c9357a19) Importer(815301076,1909f56bfc062723c751e8b465ee728b)
Start importing Assets/Test_ASSets_Louis/Chair_2/textures using Guid(561729f2445964666871ca96c9357a19) Importer(815301076,1909f56bfc062723c751e8b465ee728b)  -> (artifact id: 'f78632f2d32e2a542f5863ac289f8986') in 0.001059 seconds 
========================================================================
Received Import Request.
  Time since last request: 7.288417 seconds.
  path: Assets/Test_ASSets_Louis/Chair_2/textures/M_PROPS2_Base_color.tga.png
  artifactKey: Guid(5f3ab2508dca14fcf92cca5100ef53ea) Importer(815301076,1909f56bfc062723c751e8b465ee728b)
Start importing Assets/Test_ASSets_Louis/Chair_2/textures/M_PROPS2_Base_color.tga.png using Guid(5f3ab2508dca14fcf92cca5100ef53ea) Importer(815301076,1909f56bfc062723c751e8b465ee728b)  -> (artifact id: 'f6f2250acf0eec190780db0455116062') in 0.050431 seconds 
========================================================================
Received Import Request.
  Time since last request: 0.000088 seconds.
  path: Assets/Test_ASSets_Louis/Chair_2/textures/M_PROPS2_Roughness.tga.png
  artifactKey: Guid(deb6f60530e2a4a10be65b721fe37e29) Importer(815301076,1909f56bfc062723c751e8b465ee728b)
Start importing Assets/Test_ASSets_Louis/Chair_2/textures/M_PROPS2_Roughness.tga.png using Guid(deb6f60530e2a4a10be65b721fe37e29) Importer(815301076,1909f56bfc062723c751e8b465ee728b)  -> (artifact id: 'aabf8f027aea8705c3d23a5f79a3f8a5') in 0.011997 seconds 
========================================================================
Received Import Request.
  Time since last request: 44.678024 seconds.
  path: Assets/Test_ASSets_Louis/Chandelier/textures/Chandelier_leather.mat
  artifactKey: Guid(4e783148dd8cb457a99e637924c245cc) Importer(815301076,1909f56bfc062723c751e8b465ee728b)
Start importing Assets/Test_ASSets_Louis/Chandelier/textures/Chandelier_leather.mat using Guid(4e783148dd8cb457a99e637924c245cc) Importer(815301076,1909f56bfc062723c751e8b465ee728b)  -> (artifact id: '0447980d23cf27121eacd9c21ebe887f') in 0.044880 seconds 
========================================================================
Received Import Request.
  Time since last request: 200.281072 seconds.
  path: Assets/Test_ASSets_Louis/Candles/textures/CandleFlame_Alpha.001.png
  artifactKey: Guid(ea33efba7c35748b0b8a33531667b3cb) Importer(815301076,1909f56bfc062723c751e8b465ee728b)
Start importing Assets/Test_ASSets_Louis/Candles/textures/CandleFlame_Alpha.001.png using Guid(ea33efba7c35748b0b8a33531667b3cb) Importer(815301076,1909f56bfc062723c751e8b465ee728b)  -> (artifact id: '80785706b2b148730163c184bcf37472') in 0.044272 seconds 
========================================================================
Received Import Request.
  Time since last request: 0.000082 seconds.
  path: Assets/Test_ASSets_Louis/Candles/textures/Candles_BaseColor.1001.png
  artifactKey: Guid(f010def3a04c5408c8ca967199fc2766) Importer(815301076,1909f56bfc062723c751e8b465ee728b)
Start importing Assets/Test_ASSets_Louis/Candles/textures/Candles_BaseColor.1001.png using Guid(f010def3a04c5408c8ca967199fc2766) Importer(815301076,1909f56bfc062723c751e8b465ee728b)  -> (artifact id: '4f945ed6886e3def09899cb4cae210d5') in 0.010740 seconds 
========================================================================
Received Import Request.
  Time since last request: 0.000095 seconds.
  path: Assets/Test_ASSets_Louis/Candles/textures/Candles_Normal.1001.png
  artifactKey: Guid(5f07a4abc9a2d4e0891295635405e9cc) Importer(815301076,1909f56bfc062723c751e8b465ee728b)
Start importing Assets/Test_ASSets_Louis/Candles/textures/Candles_Normal.1001.png using Guid(5f07a4abc9a2d4e0891295635405e9cc) Importer(815301076,1909f56bfc062723c751e8b465ee728b)  -> (artifact id: '8939ce31a60281070bd83e8a94190cd5') in 0.012218 seconds 
========================================================================
Received Import Request.
  Time since last request: 0.000096 seconds.
  path: Assets/Test_ASSets_Louis/Candles/textures/Candles_AO.1001.png
  artifactKey: Guid(ad49c7b11308b4d798f056bb78a804ac) Importer(815301076,1909f56bfc062723c751e8b465ee728b)
Start importing Assets/Test_ASSets_Louis/Candles/textures/Candles_AO.1001.png using Guid(ad49c7b11308b4d798f056bb78a804ac) Importer(815301076,1909f56bfc062723c751e8b465ee728b)  -> (artifact id: '5f9c211356f6ca67c4fbd0b59a61b177') in 0.013409 seconds 
========================================================================
Received Import Request.
  Time since last request: 0.000092 seconds.
  path: Assets/Test_ASSets_Louis/Candles/textures/Candles_Roughness.1001.png
  artifactKey: Guid(daba29a12ceb342439687577345d4d94) Importer(815301076,1909f56bfc062723c751e8b465ee728b)
Start importing Assets/Test_ASSets_Louis/Candles/textures/Candles_Roughness.1001.png using Guid(daba29a12ceb342439687577345d4d94) Importer(815301076,1909f56bfc062723c751e8b465ee728b)  -> (artifact id: '25ac15aa8f5fd649c7caeef6e1205fbd') in 0.015059 seconds 
Editor requested this worker to shutdown with reason: Scaling down because of idle timeout
AssetImportWorker is now disconnected from the server
Process exiting
