Unity Editor version:    2021.3.11f1 (0a5ca18544bf)
Branch:                  2021.3/staging
Build type:              Release
Batch mode:              YES
macOS version:           Version 11.6 (Build 20G165)
Darwin version:          20.6.0
Architecture:            x86_64
Running under Rosetta:   NO
Available memory:        16384 MB
Using pre-set license
Pro License: YES

COMMAND LINE ARGUMENTS:
/Applications/Unity/Hub/Editor/2021.3.11f1/Unity.app/Contents/MacOS/Unity
-adb2
-batchMode
-noUpm
-name
AssetImportWorker13
-projectPath
/Users/nepnepjunior/Desktop/School/School Projects/IMT&S/LoudItIs/VRProject
-logFile
Logs/AssetImportWorker13.log
-srvPort
51088
Successfully changed project path to: /Users/nepnepjunior/Desktop/School/School Projects/IMT&S/LoudItIs/VRProject
/Users/nepnepjunior/Desktop/School/School Projects/IMT&S/LoudItIs/VRProject
[UnityMemory] Configuration Parameters - Can be set up in boot.config
    "memorysetup-bucket-allocator-granularity=16"
    "memorysetup-bucket-allocator-bucket-count=8"
    "memorysetup-bucket-allocator-block-size=33554432"
    "memorysetup-bucket-allocator-block-count=8"
    "memorysetup-main-allocator-block-size=16777216"
    "memorysetup-thread-allocator-block-size=16777216"
    "memorysetup-gfx-main-allocator-block-size=16777216"
    "memorysetup-gfx-thread-allocator-block-size=16777216"
    "memorysetup-cache-allocator-block-size=4194304"
    "memorysetup-typetree-allocator-block-size=2097152"
    "memorysetup-profiler-bucket-allocator-granularity=16"
    "memorysetup-profiler-bucket-allocator-bucket-count=8"
    "memorysetup-profiler-bucket-allocator-block-size=33554432"
    "memorysetup-profiler-bucket-allocator-block-count=8"
    "memorysetup-profiler-allocator-block-size=16777216"
    "memorysetup-profiler-editor-allocator-block-size=1048576"
    "memorysetup-temp-allocator-size-main=16777216"
    "memorysetup-job-temp-allocator-block-size=2097152"
    "memorysetup-job-temp-allocator-block-size-background=1048576"
    "memorysetup-job-temp-allocator-reduction-small-platforms=262144"
    "memorysetup-temp-allocator-size-background-worker=32768"
    "memorysetup-temp-allocator-size-job-worker=262144"
    "memorysetup-temp-allocator-size-preload-manager=33554432"
    "memorysetup-temp-allocator-size-nav-mesh-worker=65536"
    "memorysetup-temp-allocator-size-audio-worker=65536"
    "memorysetup-temp-allocator-size-cloud-worker=32768"
    "memorysetup-temp-allocator-size-gi-baking-worker=262144"
    "memorysetup-temp-allocator-size-gfx=262144"
Refreshing native plugins compatible for Editor in 135.46 ms, found 3 plugins.
Preloading 1 native plugins for Editor in 7.68 ms.
Initialize engine version: 2021.3.11f1 (0a5ca18544bf)
[Subsystems] Discovering subsystems at path /Applications/Unity/Hub/Editor/2021.3.11f1/Unity.app/Contents/Resources/UnitySubsystems
[Subsystems] Discovering subsystems at path /Users/nepnepjunior/Desktop/School/School Projects/IMT&S/LoudItIs/VRProject/Assets
GfxDevice: creating device client; threaded=0; jobified=0
Color LCD preferred device: AMD Radeon Pro 555X (high power)
Metal devices available: 2
0: AMD Radeon Pro 555X (high power)
1: Intel(R) UHD Graphics 630 (low power)
Using device AMD Radeon Pro 555X (high power)
Initializing Metal device caps: AMD Radeon Pro 555X
Initialize mono
Mono path[0] = '/Applications/Unity/Hub/Editor/2021.3.11f1/Unity.app/Contents/Managed'
Mono path[1] = '/Applications/Unity/Hub/Editor/2021.3.11f1/Unity.app/Contents/MonoBleedingEdge/lib/mono/unityjit-macos'
Mono config path = '/Applications/Unity/Hub/Editor/2021.3.11f1/Unity.app/Contents/MonoBleedingEdge/etc'
Using monoOptions --debugger-agent=transport=dt_socket,embedding=1,server=y,suspend=n,address=127.0.0.1:56734
Begin MonoManager ReloadAssembly
Registering precompiled unity dll's ...
Register platform support module: /Applications/Unity/Hub/Editor/2021.3.11f1/Unity.app/Contents/PlaybackEngines/MacStandaloneSupport/UnityEditor.OSXStandalone.Extensions.dll
Register platform support module: /Applications/Unity/Hub/Editor/2021.3.11f1/PlaybackEngines/iOSSupport/UnityEditor.iOS.Extensions.dll
Registered in 0.001767 seconds.
[usbmuxd] Start listen thread
[usbmuxd] Listen thread started
[usbmuxd] Send listen message
Native extension for iOS target not found
Native extension for OSXStandalone target not found
Refreshing native plugins compatible for Editor in 125.27 ms, found 3 plugins.
Preloading 1 native plugins for Editor in 0.63 ms.
Mono: successfully reloaded assembly
- Completed reload, in  1.012 seconds
Domain Reload Profiling:
	ReloadAssembly (1013ms)
		BeginReloadAssembly (93ms)
			ExecutionOrderSort (0ms)
			DisableScriptedObjects (0ms)
			BackupInstance (0ms)
			ReleaseScriptingObjects (0ms)
			CreateAndSetChildDomain (1ms)
		EndReloadAssembly (748ms)
			LoadAssemblies (92ms)
			RebuildTransferFunctionScriptingTraits (0ms)
			SetupTypeCache (197ms)
			ReleaseScriptCaches (0ms)
			RebuildScriptCaches (41ms)
			SetupLoadedEditorAssemblies (442ms)
				LogAssemblyErrors (0ms)
				InitializePlatformSupportModulesInManaged (56ms)
				SetLoadedEditorAssemblies (0ms)
				RefreshPlugins (126ms)
				BeforeProcessingInitializeOnLoad (2ms)
				ProcessInitializeOnLoadAttributes (195ms)
				ProcessInitializeOnLoadMethodAttributes (62ms)
				AfterProcessingInitializeOnLoad (0ms)
				EditorAssembliesLoaded (0ms)
			ExecutionOrderSort2 (0ms)
			AwakeInstancesAfterBackupRestoration (0ms)
Platform modules already initialized, skipping
Registering precompiled user dll's ...
Registered in 0.006259 seconds.
Begin MonoManager ReloadAssembly
Symbol file LoadedFromMemory doesn't match image /Users/nepnepjunior/Desktop/School/School Projects/IMT&S/LoudItIs/VRProject/Library/PackageCache/com.unity.visualscripting@1.7.8/Editor/VisualScripting.Core/Dependencies/DotNetZip/Unity.VisualScripting.IonicZip.dll
Symbol file LoadedFromMemory doesn't match image /Users/nepnepjunior/Desktop/School/School Projects/IMT&S/LoudItIs/VRProject/Library/PackageCache/com.unity.visualscripting@1.7.8/Editor/VisualScripting.Core/Dependencies/YamlDotNet/Unity.VisualScripting.YamlDotNet.dll
Native extension for iOS target not found
Native extension for OSXStandalone target not found
Refreshing native plugins compatible for Editor in 103.09 ms, found 3 plugins.
Preloading 1 native plugins for Editor in 0.49 ms.
Package Manager log level set to [2]
Mono: successfully reloaded assembly
- Completed reload, in  1.662 seconds
Domain Reload Profiling:
	ReloadAssembly (1663ms)
		BeginReloadAssembly (167ms)
			ExecutionOrderSort (0ms)
			DisableScriptedObjects (12ms)
			BackupInstance (0ms)
			ReleaseScriptingObjects (0ms)
			CreateAndSetChildDomain (42ms)
		EndReloadAssembly (1321ms)
			LoadAssemblies (103ms)
			RebuildTransferFunctionScriptingTraits (0ms)
			SetupTypeCache (455ms)
			ReleaseScriptCaches (1ms)
			RebuildScriptCaches (80ms)
			SetupLoadedEditorAssemblies (628ms)
				LogAssemblyErrors (0ms)
				InitializePlatformSupportModulesInManaged (23ms)
				SetLoadedEditorAssemblies (0ms)
				RefreshPlugins (104ms)
				BeforeProcessingInitializeOnLoad (98ms)
				ProcessInitializeOnLoadAttributes (368ms)
				ProcessInitializeOnLoadMethodAttributes (33ms)
				AfterProcessingInitializeOnLoad (2ms)
				EditorAssembliesLoaded (0ms)
			ExecutionOrderSort2 (0ms)
			AwakeInstancesAfterBackupRestoration (4ms)
Platform modules already initialized, skipping
========================================================================
Worker process is ready to serve import requests
Launching external process: /Applications/Unity/Hub/Editor/2021.3.11f1/Unity.app/Contents/Tools/UnityShaderCompiler
Launched and connected shader compiler UnityShaderCompiler after 0.02 seconds
Refreshing native plugins compatible for Editor in 0.88 ms, found 3 plugins.
Preloading 1 native plugins for Editor in 0.53 ms.
Unloading 4084 Unused Serialized files (Serialized files now loaded: 0)
Unloading 49 unused Assets / (105.3 KB). Loaded Objects now: 4525.
Memory consumption went from 266.2 MB to 266.1 MB.
Total: 4.285091 ms (FindLiveObjects: 0.325687 ms CreateObjectMapping: 0.285943 ms MarkObjects: 3.536108 ms  DeleteObjects: 0.136464 ms)

AssetImportParameters requested are different than current active one (requested -> active):
  custom:video-decoder-ogg-theora: a1e56fd34408186e4bbccfd4996cb3dc -> 
  custom:container-muxer-webm: aa71ff27fc2769a1b78a27578f13a17b -> 
  custom:container-demuxer-webm: 4f35f7cbe854078d1ac9338744f61a02 -> 
  custom:video-encoder-webm-vp8: eb34c28f22e8b96e1ab97ce403110664 -> 
  custom:framework-osx-AVFoundation: e770b220cccbd017edd2c1fefb359320 -> 
  custom:audio-encoder-webm-vorbis: bf7c407c2cedff20999df2af8eb42d56 -> 
  custom:container-demuxer-ogg: 62fdf1f143b41e24485cea50d1cbac27 -> 
  custom:video-decoder-webm-vp8: 9c59270c3fd7afecdb556c50c9e8de78 -> 
  custom:audio-decoder-ogg-vorbis: bf7c407c2cedff20999df2af8eb42d56 -> 
========================================================================
Received Import Request.
  Time since last request: 15546.778370 seconds.
  path: Assets/Test_ASSets_Louis/Books/textures/Book1_BaseColor.png
  artifactKey: Guid(0973a92256ac54ce59d547c6c7b8c6f8) Importer(815301076,1909f56bfc062723c751e8b465ee728b)
Start importing Assets/Test_ASSets_Louis/Books/textures/Book1_BaseColor.png using Guid(0973a92256ac54ce59d547c6c7b8c6f8) Importer(815301076,1909f56bfc062723c751e8b465ee728b)  -> (artifact id: '908c7e74ab87f4441c79c58800d84924') in 1.000917 seconds 
========================================================================
Received Import Request.
  Time since last request: 0.002736 seconds.
  path: Assets/Test_ASSets_Louis/Books/textures/Book1_Roughness.png
  artifactKey: Guid(8988ffd0704d04d4aaed718d55bb71cc) Importer(815301076,1909f56bfc062723c751e8b465ee728b)
Start importing Assets/Test_ASSets_Louis/Books/textures/Book1_Roughness.png using Guid(8988ffd0704d04d4aaed718d55bb71cc) Importer(815301076,1909f56bfc062723c751e8b465ee728b)  -> (artifact id: '7abd56a8e2979c2738b0270a48707fdf') in 0.012752 seconds 
========================================================================
Received Import Request.
  Time since last request: 0.000104 seconds.
  path: Assets/Test_ASSets_Louis/Books/textures/Book3_AO.png
  artifactKey: Guid(94ddf038d94ef4dd78d05f4bd6a34d29) Importer(815301076,1909f56bfc062723c751e8b465ee728b)
Start importing Assets/Test_ASSets_Louis/Books/textures/Book3_AO.png using Guid(94ddf038d94ef4dd78d05f4bd6a34d29) Importer(815301076,1909f56bfc062723c751e8b465ee728b)  -> (artifact id: 'd83ab2dfa30d13cfadd6c912b022f451') in 0.010777 seconds 
========================================================================
Received Import Request.
  Time since last request: 0.000188 seconds.
  path: Assets/Test_ASSets_Louis/Books/textures/Book10_Roughness.png
  artifactKey: Guid(1434f324f302d4d259697cbac412bc7f) Importer(815301076,1909f56bfc062723c751e8b465ee728b)
Start importing Assets/Test_ASSets_Louis/Books/textures/Book10_Roughness.png using Guid(1434f324f302d4d259697cbac412bc7f) Importer(815301076,1909f56bfc062723c751e8b465ee728b)  -> (artifact id: '7a0576c43ec06cb69e01df292e91b1fb') in 0.014828 seconds 
========================================================================
Received Import Request.
  Time since last request: 0.000085 seconds.
  path: Assets/Test_ASSets_Louis/Books/textures/Book5_AO.png
  artifactKey: Guid(fbb2fe9f50ccf49f48c9f4582a2f6060) Importer(815301076,1909f56bfc062723c751e8b465ee728b)
Start importing Assets/Test_ASSets_Louis/Books/textures/Book5_AO.png using Guid(fbb2fe9f50ccf49f48c9f4582a2f6060) Importer(815301076,1909f56bfc062723c751e8b465ee728b)  -> (artifact id: 'a83f0ddab1510d1916515b1a9105b8a9') in 0.040066 seconds 
========================================================================
Received Import Request.
  Time since last request: 0.000102 seconds.
  path: Assets/Test_ASSets_Louis/Books/textures/Book7_BaseColor.png
  artifactKey: Guid(f8995f6d8f3f94d14bad042944e2c04d) Importer(815301076,1909f56bfc062723c751e8b465ee728b)
Start importing Assets/Test_ASSets_Louis/Books/textures/Book7_BaseColor.png using Guid(f8995f6d8f3f94d14bad042944e2c04d) Importer(815301076,1909f56bfc062723c751e8b465ee728b)  -> (artifact id: '4e33de14e5abbda00ab987204e4995d1') in 0.009723 seconds 
========================================================================
Received Import Request.
  Time since last request: 82.139119 seconds.
  path: Assets/Test_ASSets_Louis/Books/textures/Books1.mat
  artifactKey: Guid(a3d3df1a4d63e4832b227b0282ffcb9f) Importer(815301076,1909f56bfc062723c751e8b465ee728b)
Start importing Assets/Test_ASSets_Louis/Books/textures/Books1.mat using Guid(a3d3df1a4d63e4832b227b0282ffcb9f) Importer(815301076,1909f56bfc062723c751e8b465ee728b)  -> (artifact id: '01989c41e27ee032edca197cdf7eb1ac') in 2.793892 seconds 
========================================================================
Received Import Request.
  Time since last request: 24.679924 seconds.
  path: Assets/Test_ASSets_Louis/Books/textures/Book1_Normal.png
  artifactKey: Guid(b0b0ec05c2e2e4af9a24d021269329da) Importer(815301076,1909f56bfc062723c751e8b465ee728b)
Start importing Assets/Test_ASSets_Louis/Books/textures/Book1_Normal.png using Guid(b0b0ec05c2e2e4af9a24d021269329da) Importer(815301076,1909f56bfc062723c751e8b465ee728b)  -> (artifact id: '8e782caa9842513319759aa024c83d98') in 0.045545 seconds 
========================================================================
Received Import Request.
  Time since last request: 7.744581 seconds.
  path: Assets/Test_ASSets_Louis/Books/textures/Books1 1.mat
  artifactKey: Guid(b3fcfd152aed14e7cb2076e8b47517da) Importer(815301076,1909f56bfc062723c751e8b465ee728b)
Start importing Assets/Test_ASSets_Louis/Books/textures/Books1 1.mat using Guid(b3fcfd152aed14e7cb2076e8b47517da) Importer(815301076,1909f56bfc062723c751e8b465ee728b)  -> (artifact id: '61aa14b487ff2f932e111e92fe8698b2') in 0.039894 seconds 
========================================================================
Received Import Request.
  Time since last request: 33.338360 seconds.
  path: Assets/Test_ASSets_Louis/Books/textures/Books2.mat
  artifactKey: Guid(ddb07dd63123044a284113fa21f89958) Importer(815301076,1909f56bfc062723c751e8b465ee728b)
Start importing Assets/Test_ASSets_Louis/Books/textures/Books2.mat using Guid(ddb07dd63123044a284113fa21f89958) Importer(815301076,1909f56bfc062723c751e8b465ee728b)  -> (artifact id: 'ba57eb529732399e9d0d6c6f073cb9be') in 0.040733 seconds 
========================================================================
Received Import Request.
  Time since last request: 17.732137 seconds.
  path: Assets/Test_ASSets_Louis/Books/textures/Book2_Normal.png
  artifactKey: Guid(c6ee3ac58271b42509cc748633e19f9a) Importer(815301076,1909f56bfc062723c751e8b465ee728b)
Start importing Assets/Test_ASSets_Louis/Books/textures/Book2_Normal.png using Guid(c6ee3ac58271b42509cc748633e19f9a) Importer(815301076,1909f56bfc062723c751e8b465ee728b)  -> (artifact id: '90dd84d3f56ec59fb754adaf83f715d2') in 0.041732 seconds 
========================================================================
Received Import Request.
  Time since last request: 16.207147 seconds.
  path: Assets/Test_ASSets_Louis/Books/textures/Books3.mat
  artifactKey: Guid(0c272439ca9704ccfa57ad6606ccbf8c) Importer(815301076,1909f56bfc062723c751e8b465ee728b)
Start importing Assets/Test_ASSets_Louis/Books/textures/Books3.mat using Guid(0c272439ca9704ccfa57ad6606ccbf8c) Importer(815301076,1909f56bfc062723c751e8b465ee728b)  -> (artifact id: '4a0a8147b4542dd086394cbce0988f26') in 0.042313 seconds 
========================================================================
Received Import Request.
  Time since last request: 15.807691 seconds.
  path: Assets/Test_ASSets_Louis/Books/textures/Book3_Normal.png
  artifactKey: Guid(d45c3171eb258453aa830b597518b956) Importer(815301076,1909f56bfc062723c751e8b465ee728b)
Start importing Assets/Test_ASSets_Louis/Books/textures/Book3_Normal.png using Guid(d45c3171eb258453aa830b597518b956) Importer(815301076,1909f56bfc062723c751e8b465ee728b)  -> (artifact id: '694f7491fbce2b9c09e8d1451fb42b19') in 0.045098 seconds 
========================================================================
Received Import Request.
  Time since last request: 15.988851 seconds.
  path: Assets/Test_ASSets_Louis/Books/textures/Books4.mat
  artifactKey: Guid(3378fdd4771a74b90ba0ffd5790251f7) Importer(815301076,1909f56bfc062723c751e8b465ee728b)
Start importing Assets/Test_ASSets_Louis/Books/textures/Books4.mat using Guid(3378fdd4771a74b90ba0ffd5790251f7) Importer(815301076,1909f56bfc062723c751e8b465ee728b)  -> (artifact id: '178de3bd1d4fc971a98c077626ebbccc') in 0.042325 seconds 
========================================================================
Received Import Request.
  Time since last request: 29.160452 seconds.
  path: Assets/Test_ASSets_Louis/Books/textures/Book4_Normal.png
  artifactKey: Guid(5743132e2c5854169be2c0430ae74769) Importer(815301076,1909f56bfc062723c751e8b465ee728b)
Start importing Assets/Test_ASSets_Louis/Books/textures/Book4_Normal.png using Guid(5743132e2c5854169be2c0430ae74769) Importer(815301076,1909f56bfc062723c751e8b465ee728b)  -> (artifact id: '5cd2abedaa1af081d5f22452704d3558') in 0.044619 seconds 
========================================================================
Received Import Request.
  Time since last request: 15.645108 seconds.
  path: Assets/Test_ASSets_Louis/Books/textures/Books5.mat
  artifactKey: Guid(34d28a70cf3644fdebf0f211bd7c4880) Importer(815301076,1909f56bfc062723c751e8b465ee728b)
Start importing Assets/Test_ASSets_Louis/Books/textures/Books5.mat using Guid(34d28a70cf3644fdebf0f211bd7c4880) Importer(815301076,1909f56bfc062723c751e8b465ee728b)  -> (artifact id: '64d8edeb970df1640e1f1ebef521231f') in 0.041499 seconds 
========================================================================
Received Import Request.
  Time since last request: 32.484011 seconds.
  path: Assets/Test_ASSets_Louis/Books/textures/Books6.mat
  artifactKey: Guid(77ae7d442037d4aa2aa537de90bedc9a) Importer(815301076,1909f56bfc062723c751e8b465ee728b)
Start importing Assets/Test_ASSets_Louis/Books/textures/Books6.mat using Guid(77ae7d442037d4aa2aa537de90bedc9a) Importer(815301076,1909f56bfc062723c751e8b465ee728b)  -> (artifact id: '5639420cbf06b32dbeb47633fb194d1c') in 0.037378 seconds 
========================================================================
Received Import Request.
  Time since last request: 35.557362 seconds.
  path: Assets/Test_ASSets_Louis/Books/textures/Books7.mat
  artifactKey: Guid(13bcffd152d5d4bea8571e0e0fe6d663) Importer(815301076,1909f56bfc062723c751e8b465ee728b)
Start importing Assets/Test_ASSets_Louis/Books/textures/Books7.mat using Guid(13bcffd152d5d4bea8571e0e0fe6d663) Importer(815301076,1909f56bfc062723c751e8b465ee728b)  -> (artifact id: 'cae1455581b331aaf39edf6e156ced33') in 0.040294 seconds 
========================================================================
Received Import Request.
  Time since last request: 23.470735 seconds.
  path: Assets/Test_ASSets_Louis/Books/textures/Book7_Normal.png
  artifactKey: Guid(102f2396aa5e949ceb715f0c6c3f4ace) Importer(815301076,1909f56bfc062723c751e8b465ee728b)
Start importing Assets/Test_ASSets_Louis/Books/textures/Book7_Normal.png using Guid(102f2396aa5e949ceb715f0c6c3f4ace) Importer(815301076,1909f56bfc062723c751e8b465ee728b)  -> (artifact id: 'bc75b4dea7cedcff7f4ce5cb4ead10be') in 0.044655 seconds 
========================================================================
Received Import Request.
  Time since last request: 27.264487 seconds.
  path: Assets/Test_ASSets_Louis/Books/textures/Books8.mat
  artifactKey: Guid(ad8d696bc0208421796d5e52a3abe73c) Importer(815301076,1909f56bfc062723c751e8b465ee728b)
Start importing Assets/Test_ASSets_Louis/Books/textures/Books8.mat using Guid(ad8d696bc0208421796d5e52a3abe73c) Importer(815301076,1909f56bfc062723c751e8b465ee728b)  -> (artifact id: 'c99520241961592124814be55068f935') in 0.033439 seconds 
========================================================================
Received Import Request.
  Time since last request: 7.915403 seconds.
  path: Assets/Test_ASSets_Louis/Books/textures/Book5_Normal.png
  artifactKey: Guid(f6181ba3eec5c4f38ab34ee17030ace4) Importer(815301076,1909f56bfc062723c751e8b465ee728b)
Start importing Assets/Test_ASSets_Louis/Books/textures/Book5_Normal.png using Guid(f6181ba3eec5c4f38ab34ee17030ace4) Importer(815301076,1909f56bfc062723c751e8b465ee728b)  -> (artifact id: '095441c9db40fa70a1e02037891202e4') in 0.054251 seconds 
========================================================================
Received Import Request.
  Time since last request: 13.012957 seconds.
  path: Assets/Test_ASSets_Louis/Books/textures/Book8_Normal.png
  artifactKey: Guid(b2b2db41bc21f441382f3b6e3e87d284) Importer(815301076,1909f56bfc062723c751e8b465ee728b)
Start importing Assets/Test_ASSets_Louis/Books/textures/Book8_Normal.png using Guid(b2b2db41bc21f441382f3b6e3e87d284) Importer(815301076,1909f56bfc062723c751e8b465ee728b)  -> (artifact id: 'c832184f97aa92387a74237be092e980') in 0.037346 seconds 
========================================================================
Received Import Request.
  Time since last request: 16.750110 seconds.
  path: Assets/Test_ASSets_Louis/Books/textures/Books9.mat
  artifactKey: Guid(e59ee14e3851442858193102610fd502) Importer(815301076,1909f56bfc062723c751e8b465ee728b)
Start importing Assets/Test_ASSets_Louis/Books/textures/Books9.mat using Guid(e59ee14e3851442858193102610fd502) Importer(815301076,1909f56bfc062723c751e8b465ee728b)  -> (artifact id: '9c2304fb7d97378a05bb1c86e61ff606') in 0.044013 seconds 
========================================================================
Received Import Request.
  Time since last request: 45.082320 seconds.
  path: Assets/Test_ASSets_Louis/Books/textures/Books10.mat
  artifactKey: Guid(9e61e93c0c21f4506bc59f2ea70ca5e6) Importer(815301076,1909f56bfc062723c751e8b465ee728b)
Start importing Assets/Test_ASSets_Louis/Books/textures/Books10.mat using Guid(9e61e93c0c21f4506bc59f2ea70ca5e6) Importer(815301076,1909f56bfc062723c751e8b465ee728b)  -> (artifact id: '39057f114128f8e54e92b3596afd996c') in 0.042202 seconds 
========================================================================
Received Import Request.
  Time since last request: 16.810064 seconds.
  path: Assets/Test_ASSets_Louis/Books/textures/Book10_Normal.png
  artifactKey: Guid(5d953fb53072b4f9ea31485b3b0b1f72) Importer(815301076,1909f56bfc062723c751e8b465ee728b)
Start importing Assets/Test_ASSets_Louis/Books/textures/Book10_Normal.png using Guid(5d953fb53072b4f9ea31485b3b0b1f72) Importer(815301076,1909f56bfc062723c751e8b465ee728b)  -> (artifact id: 'becd62320008f4a5c97800b98ca202c0') in 0.043240 seconds 
========================================================================
Received Import Request.
  Time since last request: 3.622579 seconds.
  path: Assets/Test_ASSets_Louis/Books/textures/Book9_Normal.png
  artifactKey: Guid(29316f37efb114034be1a2354e6be560) Importer(815301076,1909f56bfc062723c751e8b465ee728b)
Start importing Assets/Test_ASSets_Louis/Books/textures/Book9_Normal.png using Guid(29316f37efb114034be1a2354e6be560) Importer(815301076,1909f56bfc062723c751e8b465ee728b)  -> (artifact id: '974fa192011155f480af64cda456c955') in 0.045684 seconds 
========================================================================
Received Import Request.
  Time since last request: 13.139271 seconds.
  path: Assets/Test_ASSets_Louis/Books/textures/Books11.mat
  artifactKey: Guid(81ee7d4bc953f4c75a35aa6df1bf6618) Importer(815301076,1909f56bfc062723c751e8b465ee728b)
Start importing Assets/Test_ASSets_Louis/Books/textures/Books11.mat using Guid(81ee7d4bc953f4c75a35aa6df1bf6618) Importer(815301076,1909f56bfc062723c751e8b465ee728b)  -> (artifact id: '9abfafab48c61d448074ffc61f7d2127') in 0.037163 seconds 
========================================================================
Received Import Request.
  Time since last request: 18.188418 seconds.
  path: Assets/Test_ASSets_Louis/Books/textures/Book11_Normal.png
  artifactKey: Guid(3abfdbca1c40246b1abf90247333ef5a) Importer(815301076,1909f56bfc062723c751e8b465ee728b)
Start importing Assets/Test_ASSets_Louis/Books/textures/Book11_Normal.png using Guid(3abfdbca1c40246b1abf90247333ef5a) Importer(815301076,1909f56bfc062723c751e8b465ee728b)  -> (artifact id: 'bf84817ba3784e077e067c11539eca70') in 0.043312 seconds 
========================================================================
Received Import Request.
  Time since last request: 16.525976 seconds.
  path: Assets/Test_ASSets_Louis/Books/textures/Books12.mat
  artifactKey: Guid(6bcfd95bd2deb442d821b8e81a373f47) Importer(815301076,1909f56bfc062723c751e8b465ee728b)
Start importing Assets/Test_ASSets_Louis/Books/textures/Books12.mat using Guid(6bcfd95bd2deb442d821b8e81a373f47) Importer(815301076,1909f56bfc062723c751e8b465ee728b)  -> (artifact id: '0cbbf5eb6f855717779d9c2973ba9620') in 0.038771 seconds 
========================================================================
Received Import Request.
  Time since last request: 26.883550 seconds.
  path: Assets/Test_ASSets_Louis/Books/textures/Book12_Normal.png
  artifactKey: Guid(5a5c30c43bb254528981cc2bf143f680) Importer(815301076,1909f56bfc062723c751e8b465ee728b)
Start importing Assets/Test_ASSets_Louis/Books/textures/Book12_Normal.png using Guid(5a5c30c43bb254528981cc2bf143f680) Importer(815301076,1909f56bfc062723c751e8b465ee728b)  -> (artifact id: 'fcdf7781c38e12c19f699bc330cfe77f') in 0.045022 seconds 
========================================================================
Received Import Request.
  Time since last request: 69.276536 seconds.
  path: Assets/Test_ASSets_Louis/Books/Books.fbx
  artifactKey: Guid(047ecac348580424e8d7775caecfbba0) Importer(815301076,1909f56bfc062723c751e8b465ee728b)
Start importing Assets/Test_ASSets_Louis/Books/Books.fbx using Guid(047ecac348580424e8d7775caecfbba0) Importer(815301076,1909f56bfc062723c751e8b465ee728b)  -> (artifact id: '0ce000d428122bf1cda7d0addb7c03b8') in 3.044138 seconds 
========================================================================
Received Import Request.
  Time since last request: 99.729872 seconds.
  path: Assets/Test_ASSets_Louis/Books_b
  artifactKey: Guid(20e01810eefc64069bddc422760b2e08) Importer(815301076,1909f56bfc062723c751e8b465ee728b)
Start importing Assets/Test_ASSets_Louis/Books_b using Guid(20e01810eefc64069bddc422760b2e08) Importer(815301076,1909f56bfc062723c751e8b465ee728b)  -> (artifact id: 'bf6c597dd26b458b7b029d442aba144e') in 0.001490 seconds 
========================================================================
Received Import Request.
  Time since last request: 6.008999 seconds.
  path: Assets/Test_ASSets_Louis/Books_b/Oldbooks_fbx.fbx
  artifactKey: Guid(a73069d7a5c9c4673b6590a9182141d9) Importer(815301076,1909f56bfc062723c751e8b465ee728b)
Start importing Assets/Test_ASSets_Louis/Books_b/Oldbooks_fbx.fbx using Guid(a73069d7a5c9c4673b6590a9182141d9) Importer(815301076,1909f56bfc062723c751e8b465ee728b)  -> (artifact id: '254e853c3c82166a58d561d37d2975e7') in 0.057349 seconds 
========================================================================
Received Import Request.
  Time since last request: 6.865424 seconds.
  path: Assets/Test_ASSets_Louis/Books_b/textures
  artifactKey: Guid(8fe7081b0095245f6b77b552feb322bd) Importer(815301076,1909f56bfc062723c751e8b465ee728b)
Start importing Assets/Test_ASSets_Louis/Books_b/textures using Guid(8fe7081b0095245f6b77b552feb322bd) Importer(815301076,1909f56bfc062723c751e8b465ee728b)  -> (artifact id: '9ca5ff520291a9303a03a4b6fc899649') in 0.000972 seconds 
========================================================================
Received Import Request.
  Time since last request: 15.678138 seconds.
  path: Assets/Test_ASSets_Louis/Books_b/textures/oldbooks_C.jpg
  artifactKey: Guid(9453f705e5ac94a6ea26c9a0c3694319) Importer(815301076,1909f56bfc062723c751e8b465ee728b)
Start importing Assets/Test_ASSets_Louis/Books_b/textures/oldbooks_C.jpg using Guid(9453f705e5ac94a6ea26c9a0c3694319) Importer(815301076,1909f56bfc062723c751e8b465ee728b)  -> (artifact id: 'dfff852018cfc2a8c3642ec79ee5e0c1') in 1.506600 seconds 
========================================================================
Received Import Request.
  Time since last request: 0.000057 seconds.
  path: Assets/Test_ASSets_Louis/Books_b/textures/oldbooks_R.jpg
  artifactKey: Guid(2b3c577a5389f4fbab2144c3af50b34c) Importer(815301076,1909f56bfc062723c751e8b465ee728b)
Start importing Assets/Test_ASSets_Louis/Books_b/textures/oldbooks_R.jpg using Guid(2b3c577a5389f4fbab2144c3af50b34c) Importer(815301076,1909f56bfc062723c751e8b465ee728b)  -> (artifact id: '1b82660b1c2a5aab8b982fdbf27968eb') in 0.013935 seconds 
========================================================================
Received Import Request.
  Time since last request: 14.513023 seconds.
  path: Assets/Test_ASSets_Louis/Books_b/textures/Books_b.mat
  artifactKey: Guid(b3588e29db34b42ec9d32144611c4d5e) Importer(815301076,1909f56bfc062723c751e8b465ee728b)
Start importing Assets/Test_ASSets_Louis/Books_b/textures/Books_b.mat using Guid(b3588e29db34b42ec9d32144611c4d5e) Importer(815301076,1909f56bfc062723c751e8b465ee728b)  -> (artifact id: '60bf5b23a45736c11e0940308e2e35c0') in 0.044674 seconds 
========================================================================
Received Import Request.
  Time since last request: 11.942476 seconds.
  path: Assets/Test_ASSets_Louis/Books_b/textures/oldbooks_NRM.jpg
  artifactKey: Guid(096fde7bef20f4b88b014fc209128d98) Importer(815301076,1909f56bfc062723c751e8b465ee728b)
Start importing Assets/Test_ASSets_Louis/Books_b/textures/oldbooks_NRM.jpg using Guid(096fde7bef20f4b88b014fc209128d98) Importer(815301076,1909f56bfc062723c751e8b465ee728b)  -> (artifact id: 'c22d3271860dd879373a7cc42168b360') in 0.038102 seconds 
========================================================================
Received Import Request.
  Time since last request: 1.414996 seconds.
  path: Assets/Test_ASSets_Louis/Books_b/textures/Books_b.mat
  artifactKey: Guid(b3588e29db34b42ec9d32144611c4d5e) Importer(815301076,1909f56bfc062723c751e8b465ee728b)
Start importing Assets/Test_ASSets_Louis/Books_b/textures/Books_b.mat using Guid(b3588e29db34b42ec9d32144611c4d5e) Importer(815301076,1909f56bfc062723c751e8b465ee728b)  -> (artifact id: '380172aad8c90cbe2c76dab68e45c614') in 0.040515 seconds 
========================================================================
Received Import Request.
  Time since last request: 39.542228 seconds.
  path: Assets/Test_ASSets_Louis/Books/textures/Books2.mat
  artifactKey: Guid(ddb07dd63123044a284113fa21f89958) Importer(815301076,1909f56bfc062723c751e8b465ee728b)
Start importing Assets/Test_ASSets_Louis/Books/textures/Books2.mat using Guid(ddb07dd63123044a284113fa21f89958) Importer(815301076,1909f56bfc062723c751e8b465ee728b)  -> (artifact id: 'db5c11dd28ae2fd7bf71796d29976218') in 0.022280 seconds 
========================================================================
Received Import Request.
  Time since last request: 0.000089 seconds.
  path: Assets/Test_ASSets_Louis/Books/textures/Books5.mat
  artifactKey: Guid(34d28a70cf3644fdebf0f211bd7c4880) Importer(815301076,1909f56bfc062723c751e8b465ee728b)
Start importing Assets/Test_ASSets_Louis/Books/textures/Books5.mat using Guid(34d28a70cf3644fdebf0f211bd7c4880) Importer(815301076,1909f56bfc062723c751e8b465ee728b)  -> (artifact id: '4f533b18474c8aaa4ed91adacb13f529') in 0.041777 seconds 
========================================================================
Received Import Request.
  Time since last request: 0.721473 seconds.
  path: Assets/Test_ASSets_Louis/Books/textures/Books6.mat
  artifactKey: Guid(77ae7d442037d4aa2aa537de90bedc9a) Importer(815301076,1909f56bfc062723c751e8b465ee728b)
Start importing Assets/Test_ASSets_Louis/Books/textures/Books6.mat using Guid(77ae7d442037d4aa2aa537de90bedc9a) Importer(815301076,1909f56bfc062723c751e8b465ee728b)  -> (artifact id: '8c72099d48a5e15f66ff6a45d6ca74b2') in 0.018193 seconds 
========================================================================
Received Import Request.
  Time since last request: 0.040452 seconds.
  path: Assets/Test_ASSets_Louis/Books/textures/Books8.mat
  artifactKey: Guid(ad8d696bc0208421796d5e52a3abe73c) Importer(815301076,1909f56bfc062723c751e8b465ee728b)
Start importing Assets/Test_ASSets_Louis/Books/textures/Books8.mat using Guid(ad8d696bc0208421796d5e52a3abe73c) Importer(815301076,1909f56bfc062723c751e8b465ee728b)  -> (artifact id: '957b579c14c3e5f0766e4f1d9e9949a5') in 0.019286 seconds 
========================================================================
Received Import Request.
  Time since last request: 0.043852 seconds.
  path: Assets/Test_ASSets_Louis/Books/textures/Books10.mat
  artifactKey: Guid(9e61e93c0c21f4506bc59f2ea70ca5e6) Importer(815301076,1909f56bfc062723c751e8b465ee728b)
Start importing Assets/Test_ASSets_Louis/Books/textures/Books10.mat using Guid(9e61e93c0c21f4506bc59f2ea70ca5e6) Importer(815301076,1909f56bfc062723c751e8b465ee728b)  -> (artifact id: '258496502fb12bc92cbdf3cb2c0bb1a5') in 0.018292 seconds 
========================================================================
Received Import Request.
  Time since last request: 1.031976 seconds.
  path: Assets/Test_ASSets_Louis/Books/textures/Books12.mat
  artifactKey: Guid(6bcfd95bd2deb442d821b8e81a373f47) Importer(815301076,1909f56bfc062723c751e8b465ee728b)
Start importing Assets/Test_ASSets_Louis/Books/textures/Books12.mat using Guid(6bcfd95bd2deb442d821b8e81a373f47) Importer(815301076,1909f56bfc062723c751e8b465ee728b)  -> (artifact id: '8e2371cf3dbdef82137e24a27061c2fb') in 0.016762 seconds 
========================================================================
Received Import Request.
  Time since last request: 3.733907 seconds.
  path: Assets/Test_ASSets_Louis/Books_b/Oldbooks_fbx.fbx
  artifactKey: Guid(a73069d7a5c9c4673b6590a9182141d9) Importer(815301076,1909f56bfc062723c751e8b465ee728b)
Start importing Assets/Test_ASSets_Louis/Books_b/Oldbooks_fbx.fbx using Guid(a73069d7a5c9c4673b6590a9182141d9) Importer(815301076,1909f56bfc062723c751e8b465ee728b)  -> (artifact id: 'c776ec54f8c867820c7e212933922449') in 0.060691 seconds 
========================================================================
Received Import Request.
  Time since last request: 283.637644 seconds.
  path: Assets/Test_ASSets_Louis/Floor
  artifactKey: Guid(9566ccc7634a44b748c3fdb7388a1d40) Importer(815301076,1909f56bfc062723c751e8b465ee728b)
Start importing Assets/Test_ASSets_Louis/Floor using Guid(9566ccc7634a44b748c3fdb7388a1d40) Importer(815301076,1909f56bfc062723c751e8b465ee728b)  -> (artifact id: '35a8fa7915397f391d80989f166632de') in 0.000980 seconds 
========================================================================
Received Import Request.
  Time since last request: 14.613866 seconds.
  path: Assets/Test_ASSets_Louis/Floor/Floor.obj
  artifactKey: Guid(8aa9e1e5b299842e5a977e03dec9db61) Importer(815301076,1909f56bfc062723c751e8b465ee728b)
Start importing Assets/Test_ASSets_Louis/Floor/Floor.obj using Guid(8aa9e1e5b299842e5a977e03dec9db61) Importer(815301076,1909f56bfc062723c751e8b465ee728b)  -> (artifact id: 'd6aa9edd7e3017b4bd115959c3166b62') in 2.103732 seconds 
========================================================================
Received Import Request.
  Time since last request: 0.895687 seconds.
  path: Assets/Test_ASSets_Louis/Floor/floor 2.png
  artifactKey: Guid(cf12b053d04514224b9a882878bec72f) Importer(815301076,1909f56bfc062723c751e8b465ee728b)
Start importing Assets/Test_ASSets_Louis/Floor/floor 2.png using Guid(cf12b053d04514224b9a882878bec72f) Importer(815301076,1909f56bfc062723c751e8b465ee728b)  -> (artifact id: 'c5c56a20ac951f6e4b4501024a1a38eb') in 0.045788 seconds 
========================================================================
Received Import Request.
  Time since last request: 49.943854 seconds.
  path: Assets/Test_ASSets_Louis/Floor/Floor.mat
  artifactKey: Guid(137e9892bd4ef48eaae098696e853a76) Importer(815301076,1909f56bfc062723c751e8b465ee728b)
Start importing Assets/Test_ASSets_Louis/Floor/Floor.mat using Guid(137e9892bd4ef48eaae098696e853a76) Importer(815301076,1909f56bfc062723c751e8b465ee728b)  -> (artifact id: '1b2db441a60c0542834bea6556a6ef4a') in 0.042496 seconds 
========================================================================
Received Import Request.
  Time since last request: 16.236458 seconds.
  path: Assets/Test_ASSets_Louis/Floor/Floor.obj
  artifactKey: Guid(8aa9e1e5b299842e5a977e03dec9db61) Importer(815301076,1909f56bfc062723c751e8b465ee728b)
Start importing Assets/Test_ASSets_Louis/Floor/Floor.obj using Guid(8aa9e1e5b299842e5a977e03dec9db61) Importer(815301076,1909f56bfc062723c751e8b465ee728b)  -> (artifact id: 'cd57dcd91c012e34da4905804c719e47') in 0.062510 seconds 
========================================================================
Received Import Request.
  Time since last request: 84.543547 seconds.
  path: Assets/Test_ASSets_Louis/Locker
  artifactKey: Guid(5029a38bfa0824c44acefda1314bfa5f) Importer(815301076,1909f56bfc062723c751e8b465ee728b)
Start importing Assets/Test_ASSets_Louis/Locker using Guid(5029a38bfa0824c44acefda1314bfa5f) Importer(815301076,1909f56bfc062723c751e8b465ee728b)  -> (artifact id: 'bb574ca734e58f75c6b285d90ddc2116') in 0.001269 seconds 
========================================================================
Received Import Request.
  Time since last request: 4.948818 seconds.
  path: Assets/Test_ASSets_Louis/Locker/locker.obj
  artifactKey: Guid(fbb6908099d554e7cb34ea93b4e314dd) Importer(815301076,1909f56bfc062723c751e8b465ee728b)
Start importing Assets/Test_ASSets_Louis/Locker/locker.obj using Guid(fbb6908099d554e7cb34ea93b4e314dd) Importer(815301076,1909f56bfc062723c751e8b465ee728b)  -> (artifact id: 'ef1946751c9ca5e8783dccc59ff8c18a') in 0.173087 seconds 
========================================================================
Received Import Request.
  Time since last request: 10.293113 seconds.
  path: Assets/Test_ASSets_Louis/Locker/textures
  artifactKey: Guid(3af7d07adb42d435480bde22dd0da50e) Importer(815301076,1909f56bfc062723c751e8b465ee728b)
Start importing Assets/Test_ASSets_Louis/Locker/textures using Guid(3af7d07adb42d435480bde22dd0da50e) Importer(815301076,1909f56bfc062723c751e8b465ee728b)  -> (artifact id: '09a60382f9b0b74d1ce90e0c52a5ec63') in 0.000990 seconds 
========================================================================
Received Import Request.
  Time since last request: 10.503334 seconds.
  path: Assets/Test_ASSets_Louis/Locker/textures/internal_ground_ao_texture.jpeg
  artifactKey: Guid(621e5147cd05247a680ac826ecc09c6d) Importer(815301076,1909f56bfc062723c751e8b465ee728b)
Start importing Assets/Test_ASSets_Louis/Locker/textures/internal_ground_ao_texture.jpeg using Guid(621e5147cd05247a680ac826ecc09c6d) Importer(815301076,1909f56bfc062723c751e8b465ee728b)  -> (artifact id: '5c2a024eea90ed63bc89d065250e6745') in 0.920601 seconds 
========================================================================
Received Import Request.
  Time since last request: 814.087558 seconds.
  path: Assets/Test_ASSets_Louis/walls/big_brick_wallDiffuseMap.jpeg
  artifactKey: Guid(7a491cbfca1a7440591048a08d445a5a) Importer(815301076,1909f56bfc062723c751e8b465ee728b)
Start importing Assets/Test_ASSets_Louis/walls/big_brick_wallDiffuseMap.jpeg using Guid(7a491cbfca1a7440591048a08d445a5a) Importer(815301076,1909f56bfc062723c751e8b465ee728b)  -> (artifact id: '9418621761316191a01f33c3a03bd43a') in 0.048676 seconds 
========================================================================
Received Import Request.
  Time since last request: 0.000082 seconds.
  path: Assets/Test_ASSets_Louis/walls/big_brick_wallNormalsMap.jpeg
  artifactKey: Guid(5930374ade0ce4e02b359e65d8ac24e4) Importer(815301076,1909f56bfc062723c751e8b465ee728b)
Start importing Assets/Test_ASSets_Louis/walls/big_brick_wallNormalsMap.jpeg using Guid(5930374ade0ce4e02b359e65d8ac24e4) Importer(815301076,1909f56bfc062723c751e8b465ee728b)  -> (artifact id: '9f99026d3ae11ced3567bbd42f2d8b8a') in 0.015839 seconds 
========================================================================
Received Import Request.
  Time since last request: 128.493525 seconds.
  path: Assets/Test_ASSets_Louis/Locker/textures/Locker.mat
  artifactKey: Guid(ab99b9140c8c74308b3b4629fb54388e) Importer(815301076,1909f56bfc062723c751e8b465ee728b)
Start importing Assets/Test_ASSets_Louis/Locker/textures/Locker.mat using Guid(ab99b9140c8c74308b3b4629fb54388e) Importer(815301076,1909f56bfc062723c751e8b465ee728b)  -> (artifact id: 'd288e30199ebae434cb8c06dde6f1a1c') in 0.043522 seconds 
========================================================================
Received Import Request.
  Time since last request: 139.728826 seconds.
  path: Assets/Test_ASSets_Louis/walls/wood_tile_basecolor.jpeg
  artifactKey: Guid(024c4068809374bb4a5f50aa43b5733b) Importer(815301076,1909f56bfc062723c751e8b465ee728b)
Start importing Assets/Test_ASSets_Louis/walls/wood_tile_basecolor.jpeg using Guid(024c4068809374bb4a5f50aa43b5733b) Importer(815301076,1909f56bfc062723c751e8b465ee728b)  -> (artifact id: '1a30ee2b0a7cdb72915066f9db919dc6') in 0.048077 seconds 
========================================================================
Received Import Request.
  Time since last request: 0.000089 seconds.
  path: Assets/Test_ASSets_Louis/walls/wood_tile_normal.jpeg
  artifactKey: Guid(a65fe6069383c46898ae168a8ab16484) Importer(815301076,1909f56bfc062723c751e8b465ee728b)
Start importing Assets/Test_ASSets_Louis/walls/wood_tile_normal.jpeg using Guid(a65fe6069383c46898ae168a8ab16484) Importer(815301076,1909f56bfc062723c751e8b465ee728b)  -> (artifact id: '7fb2637865467fa3c21564731996ef08') in 0.030496 seconds 
========================================================================
Received Import Request.
  Time since last request: 0.000104 seconds.
  path: Assets/Test_ASSets_Louis/walls/wood_tile_roughness.jpeg
  artifactKey: Guid(c8775802ca4324442b0ae5ae39d23ea2) Importer(815301076,1909f56bfc062723c751e8b465ee728b)
Start importing Assets/Test_ASSets_Louis/walls/wood_tile_roughness.jpeg using Guid(c8775802ca4324442b0ae5ae39d23ea2) Importer(815301076,1909f56bfc062723c751e8b465ee728b)  -> (artifact id: '669b1bb5f4229144cb934044a341f0ca') in 0.012152 seconds 
Editor requested this worker to shutdown with reason: Scaling down because of idle timeout
AssetImportWorker is now disconnected from the server
Process exiting
