Unity Editor version:    2021.3.11f1 (0a5ca18544bf)
Branch:                  2021.3/staging
Build type:              Release
Batch mode:              YES
macOS version:           Version 11.6 (Build 20G165)
Darwin version:          20.6.0
Architecture:            x86_64
Running under Rosetta:   NO
Available memory:        16384 MB
Using pre-set license
Pro License: YES

COMMAND LINE ARGUMENTS:
/Applications/Unity/Hub/Editor/2021.3.11f1/Unity.app/Contents/MacOS/Unity
-adb2
-batchMode
-noUpm
-name
AssetImportWorker15
-projectPath
/Users/nepnepjunior/Desktop/School/School Projects/IMT&S/LoudItIs/VRProject
-logFile
Logs/AssetImportWorker15.log
-srvPort
51088
Successfully changed project path to: /Users/nepnepjunior/Desktop/School/School Projects/IMT&S/LoudItIs/VRProject
/Users/nepnepjunior/Desktop/School/School Projects/IMT&S/LoudItIs/VRProject
[UnityMemory] Configuration Parameters - Can be set up in boot.config
    "memorysetup-bucket-allocator-granularity=16"
    "memorysetup-bucket-allocator-bucket-count=8"
    "memorysetup-bucket-allocator-block-size=33554432"
    "memorysetup-bucket-allocator-block-count=8"
    "memorysetup-main-allocator-block-size=16777216"
    "memorysetup-thread-allocator-block-size=16777216"
    "memorysetup-gfx-main-allocator-block-size=16777216"
    "memorysetup-gfx-thread-allocator-block-size=16777216"
    "memorysetup-cache-allocator-block-size=4194304"
    "memorysetup-typetree-allocator-block-size=2097152"
    "memorysetup-profiler-bucket-allocator-granularity=16"
    "memorysetup-profiler-bucket-allocator-bucket-count=8"
    "memorysetup-profiler-bucket-allocator-block-size=33554432"
    "memorysetup-profiler-bucket-allocator-block-count=8"
    "memorysetup-profiler-allocator-block-size=16777216"
    "memorysetup-profiler-editor-allocator-block-size=1048576"
    "memorysetup-temp-allocator-size-main=16777216"
    "memorysetup-job-temp-allocator-block-size=2097152"
    "memorysetup-job-temp-allocator-block-size-background=1048576"
    "memorysetup-job-temp-allocator-reduction-small-platforms=262144"
    "memorysetup-temp-allocator-size-background-worker=32768"
    "memorysetup-temp-allocator-size-job-worker=262144"
    "memorysetup-temp-allocator-size-preload-manager=33554432"
    "memorysetup-temp-allocator-size-nav-mesh-worker=65536"
    "memorysetup-temp-allocator-size-audio-worker=65536"
    "memorysetup-temp-allocator-size-cloud-worker=32768"
    "memorysetup-temp-allocator-size-gi-baking-worker=262144"
    "memorysetup-temp-allocator-size-gfx=262144"
Refreshing native plugins compatible for Editor in 145.00 ms, found 3 plugins.
Preloading 1 native plugins for Editor in 6.67 ms.
Initialize engine version: 2021.3.11f1 (0a5ca18544bf)
[Subsystems] Discovering subsystems at path /Applications/Unity/Hub/Editor/2021.3.11f1/Unity.app/Contents/Resources/UnitySubsystems
[Subsystems] Discovering subsystems at path /Users/nepnepjunior/Desktop/School/School Projects/IMT&S/LoudItIs/VRProject/Assets
GfxDevice: creating device client; threaded=0; jobified=0
Color LCD preferred device: AMD Radeon Pro 555X (high power)
Metal devices available: 2
0: AMD Radeon Pro 555X (high power)
1: Intel(R) UHD Graphics 630 (low power)
Using device AMD Radeon Pro 555X (high power)
Initializing Metal device caps: AMD Radeon Pro 555X
Initialize mono
Mono path[0] = '/Applications/Unity/Hub/Editor/2021.3.11f1/Unity.app/Contents/Managed'
Mono path[1] = '/Applications/Unity/Hub/Editor/2021.3.11f1/Unity.app/Contents/MonoBleedingEdge/lib/mono/unityjit-macos'
Mono config path = '/Applications/Unity/Hub/Editor/2021.3.11f1/Unity.app/Contents/MonoBleedingEdge/etc'
Using monoOptions --debugger-agent=transport=dt_socket,embedding=1,server=y,suspend=n,address=127.0.0.1:56021
Begin MonoManager ReloadAssembly
Registering precompiled unity dll's ...
Register platform support module: /Applications/Unity/Hub/Editor/2021.3.11f1/Unity.app/Contents/PlaybackEngines/MacStandaloneSupport/UnityEditor.OSXStandalone.Extensions.dll
Register platform support module: /Applications/Unity/Hub/Editor/2021.3.11f1/PlaybackEngines/iOSSupport/UnityEditor.iOS.Extensions.dll
Registered in 0.001662 seconds.
[usbmuxd] Start listen thread
[usbmuxd] Listen thread started
[usbmuxd] Send listen message
Native extension for iOS target not found
Native extension for OSXStandalone target not found
Refreshing native plugins compatible for Editor in 106.95 ms, found 3 plugins.
Preloading 1 native plugins for Editor in 0.51 ms.
Mono: successfully reloaded assembly
- Completed reload, in  0.926 seconds
Domain Reload Profiling:
	ReloadAssembly (927ms)
		BeginReloadAssembly (87ms)
			ExecutionOrderSort (0ms)
			DisableScriptedObjects (0ms)
			BackupInstance (0ms)
			ReleaseScriptingObjects (0ms)
			CreateAndSetChildDomain (1ms)
		EndReloadAssembly (673ms)
			LoadAssemblies (86ms)
			RebuildTransferFunctionScriptingTraits (0ms)
			SetupTypeCache (176ms)
			ReleaseScriptCaches (0ms)
			RebuildScriptCaches (35ms)
			SetupLoadedEditorAssemblies (401ms)
				LogAssemblyErrors (0ms)
				InitializePlatformSupportModulesInManaged (59ms)
				SetLoadedEditorAssemblies (0ms)
				RefreshPlugins (108ms)
				BeforeProcessingInitializeOnLoad (1ms)
				ProcessInitializeOnLoadAttributes (172ms)
				ProcessInitializeOnLoadMethodAttributes (60ms)
				AfterProcessingInitializeOnLoad (0ms)
				EditorAssembliesLoaded (0ms)
			ExecutionOrderSort2 (0ms)
			AwakeInstancesAfterBackupRestoration (0ms)
Platform modules already initialized, skipping
Registering precompiled user dll's ...
Registered in 0.004926 seconds.
Begin MonoManager ReloadAssembly
Symbol file LoadedFromMemory doesn't match image /Users/nepnepjunior/Desktop/School/School Projects/IMT&S/LoudItIs/VRProject/Library/PackageCache/com.unity.visualscripting@1.7.8/Editor/VisualScripting.Core/Dependencies/DotNetZip/Unity.VisualScripting.IonicZip.dll
Symbol file LoadedFromMemory doesn't match image /Users/nepnepjunior/Desktop/School/School Projects/IMT&S/LoudItIs/VRProject/Library/PackageCache/com.unity.visualscripting@1.7.8/Editor/VisualScripting.Core/Dependencies/YamlDotNet/Unity.VisualScripting.YamlDotNet.dll
Native extension for iOS target not found
Native extension for OSXStandalone target not found
Refreshing native plugins compatible for Editor in 103.30 ms, found 3 plugins.
Preloading 1 native plugins for Editor in 0.79 ms.
Package Manager log level set to [2]
Mono: successfully reloaded assembly
- Completed reload, in  1.607 seconds
Domain Reload Profiling:
	ReloadAssembly (1608ms)
		BeginReloadAssembly (130ms)
			ExecutionOrderSort (0ms)
			DisableScriptedObjects (7ms)
			BackupInstance (0ms)
			ReleaseScriptingObjects (0ms)
			CreateAndSetChildDomain (32ms)
		EndReloadAssembly (1330ms)
			LoadAssemblies (150ms)
			RebuildTransferFunctionScriptingTraits (0ms)
			SetupTypeCache (409ms)
			ReleaseScriptCaches (1ms)
			RebuildScriptCaches (82ms)
			SetupLoadedEditorAssemblies (634ms)
				LogAssemblyErrors (0ms)
				InitializePlatformSupportModulesInManaged (22ms)
				SetLoadedEditorAssemblies (0ms)
				RefreshPlugins (104ms)
				BeforeProcessingInitializeOnLoad (102ms)
				ProcessInitializeOnLoadAttributes (364ms)
				ProcessInitializeOnLoadMethodAttributes (38ms)
				AfterProcessingInitializeOnLoad (3ms)
				EditorAssembliesLoaded (0ms)
			ExecutionOrderSort2 (0ms)
			AwakeInstancesAfterBackupRestoration (4ms)
Platform modules already initialized, skipping
========================================================================
Worker process is ready to serve import requests
Launching external process: /Applications/Unity/Hub/Editor/2021.3.11f1/Unity.app/Contents/Tools/UnityShaderCompiler
Launched and connected shader compiler UnityShaderCompiler after 0.02 seconds
Refreshing native plugins compatible for Editor in 1.23 ms, found 3 plugins.
Preloading 1 native plugins for Editor in 0.72 ms.
Unloading 4084 Unused Serialized files (Serialized files now loaded: 0)
Unloading 49 unused Assets / (97.9 KB). Loaded Objects now: 4525.
Memory consumption went from 266.1 MB to 266.0 MB.
Total: 4.444209 ms (FindLiveObjects: 0.342841 ms CreateObjectMapping: 0.313755 ms MarkObjects: 3.638510 ms  DeleteObjects: 0.147693 ms)

AssetImportParameters requested are different than current active one (requested -> active):
  custom:video-decoder-ogg-theora: a1e56fd34408186e4bbccfd4996cb3dc -> 
  custom:container-muxer-webm: aa71ff27fc2769a1b78a27578f13a17b -> 
  custom:container-demuxer-webm: 4f35f7cbe854078d1ac9338744f61a02 -> 
  custom:video-encoder-webm-vp8: eb34c28f22e8b96e1ab97ce403110664 -> 
  custom:framework-osx-AVFoundation: e770b220cccbd017edd2c1fefb359320 -> 
  custom:audio-encoder-webm-vorbis: bf7c407c2cedff20999df2af8eb42d56 -> 
  custom:container-demuxer-ogg: 62fdf1f143b41e24485cea50d1cbac27 -> 
  custom:video-decoder-webm-vp8: 9c59270c3fd7afecdb556c50c9e8de78 -> 
  custom:audio-decoder-ogg-vorbis: bf7c407c2cedff20999df2af8eb42d56 -> 
========================================================================
Received Import Request.
  Time since last request: 16872.827975 seconds.
  path: Assets/Test_ASSets_Louis/Locker/textures/Locker.mat
  artifactKey: Guid(ab99b9140c8c74308b3b4629fb54388e) Importer(815301076,1909f56bfc062723c751e8b465ee728b)
Start importing Assets/Test_ASSets_Louis/Locker/textures/Locker.mat using Guid(ab99b9140c8c74308b3b4629fb54388e) Importer(815301076,1909f56bfc062723c751e8b465ee728b)  -> (artifact id: '08c892a1657b308614d6f5ab140fd9ca') in 2.896246 seconds 
========================================================================
Received Import Request.
  Time since last request: 17.926554 seconds.
  path: Assets/Test_ASSets_Louis/Locker/textures/Tumba_Normal_OpenGL.png
  artifactKey: Guid(88c70bdaa0af6414a98ea425b190c2b7) Importer(815301076,1909f56bfc062723c751e8b465ee728b)
Start importing Assets/Test_ASSets_Louis/Locker/textures/Tumba_Normal_OpenGL.png using Guid(88c70bdaa0af6414a98ea425b190c2b7) Importer(815301076,1909f56bfc062723c751e8b465ee728b)  -> (artifact id: '64aee87dbc008b05e74f489630fa3f41') in 0.875059 seconds 
========================================================================
Received Import Request.
  Time since last request: 73.351290 seconds.
  path: Assets/Test_ASSets_Louis/Candles/textures/Candles.mat
  artifactKey: Guid(0889bed8415f54bce9f0733a9609a29f) Importer(815301076,1909f56bfc062723c751e8b465ee728b)
Start importing Assets/Test_ASSets_Louis/Candles/textures/Candles.mat using Guid(0889bed8415f54bce9f0733a9609a29f) Importer(815301076,1909f56bfc062723c751e8b465ee728b)  -> (artifact id: '264584090625d57742d552cbc117e13a') in 0.028763 seconds 
========================================================================
Received Import Request.
  Time since last request: 0.000078 seconds.
  path: Assets/Test_ASSets_Louis/Candles/textures/Candles_Flame.mat
  artifactKey: Guid(cad2e2cad5465469d925b9593098de73) Importer(815301076,1909f56bfc062723c751e8b465ee728b)
Start importing Assets/Test_ASSets_Louis/Candles/textures/Candles_Flame.mat using Guid(cad2e2cad5465469d925b9593098de73) Importer(815301076,1909f56bfc062723c751e8b465ee728b)  -> (artifact id: 'fcd1304730ea1b6c948f251850b77757') in 0.163677 seconds 
========================================================================
Received Import Request.
  Time since last request: 4.818273 seconds.
  path: Assets/Test_ASSets_Louis/Locker/locker.obj
  artifactKey: Guid(fbb6908099d554e7cb34ea93b4e314dd) Importer(815301076,1909f56bfc062723c751e8b465ee728b)
Start importing Assets/Test_ASSets_Louis/Locker/locker.obj using Guid(fbb6908099d554e7cb34ea93b4e314dd) Importer(815301076,1909f56bfc062723c751e8b465ee728b)  -> (artifact id: '773dbbb0b6410b6acc722612e1025a0a') in 2.227154 seconds 
========================================================================
Received Import Request.
  Time since last request: 12.938112 seconds.
  path: Assets/Test_ASSets_Louis/Locker/locker.obj
  artifactKey: Guid(fbb6908099d554e7cb34ea93b4e314dd) Importer(815301076,1909f56bfc062723c751e8b465ee728b)
Start importing Assets/Test_ASSets_Louis/Locker/locker.obj using Guid(fbb6908099d554e7cb34ea93b4e314dd) Importer(815301076,1909f56bfc062723c751e8b465ee728b)  -> (artifact id: 'b04c3d3c486a872d00ae74eb154474a1') in 0.095844 seconds 
========================================================================
Received Import Request.
  Time since last request: 424.468835 seconds.
  path: Assets/Test_ASSets_Louis/Locker/locker.obj
  artifactKey: Guid(fbb6908099d554e7cb34ea93b4e314dd) Importer(815301076,1909f56bfc062723c751e8b465ee728b)
Start importing Assets/Test_ASSets_Louis/Locker/locker.obj using Guid(fbb6908099d554e7cb34ea93b4e314dd) Importer(815301076,1909f56bfc062723c751e8b465ee728b)  -> (artifact id: 'e25204d2819d26d2c6e218c2c5b5a8d2') in 0.114497 seconds 
========================================================================
Received Import Request.
  Time since last request: 230.738199 seconds.
  path: Assets/Test_ASSets_Louis/walls
  artifactKey: Guid(83e15db6222bf4bc4a6d77da0b60f553) Importer(815301076,1909f56bfc062723c751e8b465ee728b)
Start importing Assets/Test_ASSets_Louis/walls using Guid(83e15db6222bf4bc4a6d77da0b60f553) Importer(815301076,1909f56bfc062723c751e8b465ee728b)  -> (artifact id: '2351f795fa94df06496e3b7af5007965') in 0.001423 seconds 
========================================================================
Received Import Request.
  Time since last request: 10.186446 seconds.
  path: Assets/Test_ASSets_Louis/walls/big_brick_wall.FBX
  artifactKey: Guid(581ee8a058a284c29a6c8e974cae3d56) Importer(815301076,1909f56bfc062723c751e8b465ee728b)
Start importing Assets/Test_ASSets_Louis/walls/big_brick_wall.FBX using Guid(581ee8a058a284c29a6c8e974cae3d56) Importer(815301076,1909f56bfc062723c751e8b465ee728b)  -> (artifact id: '1905c9e5ff05fc652162a6c81cb7d449') in 4.192436 seconds 
========================================================================
Received Import Request.
  Time since last request: 17.785601 seconds.
  path: Assets/Test_ASSets_Louis/walls/big_brick_wall_ao.jpeg
  artifactKey: Guid(6cfe59cb3ac4443d9a473165ed44a1e1) Importer(815301076,1909f56bfc062723c751e8b465ee728b)
Start importing Assets/Test_ASSets_Louis/walls/big_brick_wall_ao.jpeg using Guid(6cfe59cb3ac4443d9a473165ed44a1e1) Importer(815301076,1909f56bfc062723c751e8b465ee728b)  -> (artifact id: 'aaef7f22208253cf273989f7695bd6b1') in 0.897895 seconds 
========================================================================
Received Import Request.
  Time since last request: 8.543099 seconds.
  path: Assets/Test_ASSets_Louis/walls/Walls.mat
  artifactKey: Guid(d1dc66a247e2b4ac88e6e2ef75937b50) Importer(815301076,1909f56bfc062723c751e8b465ee728b)
Start importing Assets/Test_ASSets_Louis/walls/Walls.mat using Guid(d1dc66a247e2b4ac88e6e2ef75937b50) Importer(815301076,1909f56bfc062723c751e8b465ee728b)  -> (artifact id: '64ebf5e2756d26e99463c270aa2e7cd0') in 0.046672 seconds 
========================================================================
Received Import Request.
  Time since last request: 17.919729 seconds.
  path: Assets/Test_ASSets_Louis/walls/big_brick_wallNormalsMap.jpeg
  artifactKey: Guid(5930374ade0ce4e02b359e65d8ac24e4) Importer(815301076,1909f56bfc062723c751e8b465ee728b)
Start importing Assets/Test_ASSets_Louis/walls/big_brick_wallNormalsMap.jpeg using Guid(5930374ade0ce4e02b359e65d8ac24e4) Importer(815301076,1909f56bfc062723c751e8b465ee728b)  -> (artifact id: 'fb83671c73071293fd98ad0b14ed0ec1') in 0.046132 seconds 
========================================================================
Received Import Request.
  Time since last request: 101.099796 seconds.
  path: Assets/Test_ASSets_Louis/Floor/Floor.mat
  artifactKey: Guid(137e9892bd4ef48eaae098696e853a76) Importer(815301076,1909f56bfc062723c751e8b465ee728b)
Start importing Assets/Test_ASSets_Louis/Floor/Floor.mat using Guid(137e9892bd4ef48eaae098696e853a76) Importer(815301076,1909f56bfc062723c751e8b465ee728b)  -> (artifact id: '8b603d9372dbf8f8f82f9fa98cd4da5e') in 0.019493 seconds 
========================================================================
Received Import Request.
  Time since last request: 13.094876 seconds.
  path: Assets/Test_ASSets_Louis/walls/big_brick_wall.FBX
  artifactKey: Guid(581ee8a058a284c29a6c8e974cae3d56) Importer(815301076,1909f56bfc062723c751e8b465ee728b)
Start importing Assets/Test_ASSets_Louis/walls/big_brick_wall.FBX using Guid(581ee8a058a284c29a6c8e974cae3d56) Importer(815301076,1909f56bfc062723c751e8b465ee728b)  -> (artifact id: '352d8bb0a6b4b7a7474cf566ca3c5012') in 0.064040 seconds 
========================================================================
Received Import Request.
  Time since last request: 126.587439 seconds.
  path: Assets/Test_ASSets_Louis/walls/wood_tile_AO.jpeg
  artifactKey: Guid(3cba0d703c3344ee3b456bbc37130b9e) Importer(815301076,1909f56bfc062723c751e8b465ee728b)
Start importing Assets/Test_ASSets_Louis/walls/wood_tile_AO.jpeg using Guid(3cba0d703c3344ee3b456bbc37130b9e) Importer(815301076,1909f56bfc062723c751e8b465ee728b)  -> (artifact id: '9ca6215f16e571d5d5302be8ee167d00') in 0.045935 seconds 
========================================================================
Received Import Request.
  Time since last request: 0.000070 seconds.
  path: Assets/Test_ASSets_Louis/walls/wood_tile_curvature.jpeg
  artifactKey: Guid(31e9eb1e64370400cb51571c04602d52) Importer(815301076,1909f56bfc062723c751e8b465ee728b)
Start importing Assets/Test_ASSets_Louis/walls/wood_tile_curvature.jpeg using Guid(31e9eb1e64370400cb51571c04602d52) Importer(815301076,1909f56bfc062723c751e8b465ee728b)  -> (artifact id: 'b82945cd3587c87a662c7a438ecbf898') in 0.021423 seconds 
========================================================================
Received Import Request.
  Time since last request: 0.000066 seconds.
  path: Assets/Test_ASSets_Louis/walls/wood_tile_metallic.png
  artifactKey: Guid(8eb3a4d28687a446ebed7a676c92b33c) Importer(815301076,1909f56bfc062723c751e8b465ee728b)
Start importing Assets/Test_ASSets_Louis/walls/wood_tile_metallic.png using Guid(8eb3a4d28687a446ebed7a676c92b33c) Importer(815301076,1909f56bfc062723c751e8b465ee728b)  -> (artifact id: '7f38c44acea30c623316f7546bc00c3c') in 0.012731 seconds 
========================================================================
Received Import Request.
  Time since last request: 29.743777 seconds.
  path: Assets/Test_ASSets_Louis/walls/wood_tile_normal.jpeg
  artifactKey: Guid(a65fe6069383c46898ae168a8ab16484) Importer(815301076,1909f56bfc062723c751e8b465ee728b)
Start importing Assets/Test_ASSets_Louis/walls/wood_tile_normal.jpeg using Guid(a65fe6069383c46898ae168a8ab16484) Importer(815301076,1909f56bfc062723c751e8b465ee728b)  -> (artifact id: 'e7a52449775b29f920cbdec32e417360') in 0.045497 seconds 
AssetImportWorkerClient::OnTransportError - code=2 error=End of file
